#
# There is insufficient memory for the Java Runtime Environment to continue.
# Native memory allocation (mmap) failed to map 65536 bytes for Failed to commit metaspace.
# Possible reasons:
#   The system is out of physical RAM or swap space
#   The process is running with CompressedOops enabled, and the Java Heap may be blocking the growth of the native heap
# Possible solutions:
#   Reduce memory load on the system
#   Increase physical memory or swap space
#   Check if swap backing store is full
#   Decrease Java heap size (-Xmx/-Xms)
#   Decrease number of Java threads
#   Decrease Java thread stack sizes (-Xss)
#   Set larger code cache with -XX:ReservedCodeCacheSize=
#   JVM is running with Unscaled Compressed Oops mode in which the Java heap is
#     placed in the first 4GB address space. The Java Heap base address is the
#     maximum limit for the native heap growth. Please use -XX:HeapBaseMinAddress
#     to set the Java Heap base and to place the Java Heap above 4GB virtual address.
# This output file may be truncated or incomplete.
#
#  Out of Memory Error (virtualSpaceNode.cpp:110), pid=16736, tid=16744
#
# JRE version: OpenJDK Runtime Environment (18.0.1.1+2) (build 18.0.1.1+2-6)
# Java VM: OpenJDK 64-Bit Server VM (18.0.1.1+2-6, mixed mode, sharing, tiered, compressed oops, compressed class ptrs, g1 gc, windows-amd64)
# No core dump will be written. Minidumps are not enabled by default on client versions of Windows
#

---------------  S U M M A R Y ------------

Command Line: -javaagent:C:\Program Files\JetBrains\IntelliJ IDEA Educational Edition 2022.1\lib\idea_rt.jar=58862:C:\Program Files\JetBrains\IntelliJ IDEA Educational Edition 2022.1\bin -Dfile.encoding=UTF-8 com.hotelManagement.Main

Host: 11th Gen Intel(R) Core(TM) i5-1135G7 @ 2.40GHz, 8 cores, 7G,  Windows 11 , 64 bit Build 26100 (10.0.26100.4484)
Time: Wed Aug  6 15:15:19 2025 Paris, Madrid (heure duild 26100 (10.0.26100.4484) elapsed time: 29.722585 seconds (0d 0h 0m 29s)

---------------  T H R E A D  ---------------

Current thread (0x0000016aed910540):  JavaThread "main" [_thread_in_vm, id=16744, stack(0x0000001df4c00000,0x0000001df4d00000)]

Stack: [0x0000001df4c00000,0x0000001df4d00000]
Native frames: (J=compiled Java code, j=interpreted, Vv=VM code, C=native code)
V  [jvm.dll+0x69887a]
V  [jvm.dll+0x7f38bd]
V  [jvm.dll+0x7f51ce]
V  [jvm.dll+0x7f5883]
V  [jvm.dll+0x25ca3f]
V  [jvm.dll+0x7ef5cb]
V  [jvm.dll+0x63ea76]
V  [jvm.dll+0x1d721e]
V  [jvm.dll+0x64141b]
V  [jvm.dll+0x64121e]
V  [jvm.dll+0x63f43e]
V  [jvm.dll+0x1f8cdf]
V  [jvm.dll+0x20263e]
V  [jvm.dll+0x2028b5]
V  [jvm.dll+0x2032ef]
V  [jvm.dll+0x1f8781]
V  [jvm.dll+0x55d685]
V  [jvm.dll+0x76db23]
V  [jvm.dll+0x76dc04]
V  [jvm.dll+0x42d234]
V  [jvm.dll+0x432f3f]
C  [java.dll+0x17ec]

Java frames: (J=compiled Java code, j=interpreted, Vv=VM code)
J 809  java.lang.ClassLoader.defineClass1(Ljava/lang/ClassLoader;Ljava/lang/String;[BIILjava/security/ProtectionDomain;Ljava/lang/String;)Ljava/lang/Class; java.base@18.0.1.1 (0 bytes) @ 0x0000016a87b16ce3 [0x0000016a87b16c20+0x00000000000000c3]
J 4154 c2 java.security.SecureClassLoader.defineClass(Ljava/lang/String;[BIILjava/security/CodeSource;)Ljava/lang/Class; java.base@18.0.1.1 (16 bytes) @ 0x0000016a87d0d694 [0x0000016a87d0ce60+0x0000000000000834]
J 4054 c2 jdk.internal.loader.BuiltinClassLoader.findClassOnClassPathOrNull(Ljava/lang/String;)Ljava/lang/Class; java.base@18.0.1.1 (64 bytes) @ 0x0000016a87cf32a8 [0x0000016a87cf0e80+0x0000000000002428]
J 2590 c2 jdk.internal.loader.BuiltinClassLoader.loadClassOrNull(Ljava/lang/String;Z)Ljava/lang/Class; java.base@18.0.1.1 (143 bytes) @ 0x0000016a87be73c0 [0x0000016a87be64e0+0x0000000000000ee0]
J 4115 c2 java.lang.ClassLoader.loadClass(Ljava/lang/String;)Ljava/lang/Class; java.base@18.0.1.1 (7 bytes) @ 0x0000016a87d05d0c [0x0000016a87d05cc0+0x000000000000004c]
v  ~StubRoutines::call_stub
j  net.bytebuddy.dynamic.scaffold.TypeWriter$Default$ForCreation.create(Lnet/bytebuddy/dynamic/scaffold/TypeInitializer;Lnet/bytebuddy/dynamic/scaffold/TypeWriter$Default$ClassDumpAction$Dispatcher;)Lnet/bytebuddy/dynamic/scaffold/TypeWriter$Default$UnresolvedType;+123
j  net.bytebuddy.dynamic.scaffold.TypeWriter$Default.make(Lnet/bytebuddy/dynamic/TypeResolutionStrategy$Resolved;)Lnet/bytebuddy/dynamic/DynamicType$Unloaded;+38
j  net.bytebuddy.dynamic.DynamicType$Builder$AbstractBase$UsingTypeWriter.make(Lnet/bytebuddy/dynamic/TypeResolutionStrategy;)Lnet/bytebuddy/dynamic/DynamicType$Unloaded;+10
j  net.bytebuddy.dynamic.DynamicType$Builder$AbstractBase.make()Lnet/bytebuddy/dynamic/DynamicType$Unloaded;+4
j  org.hibernate.bytecode.internal.bytebuddy.ByteBuddyState.make(Lnet/bytebuddy/pool/TypePool;Lnet/bytebuddy/dynamic/DynamicType$Builder;)Lnet/bytebuddy/dynamic/DynamicType$Unloaded;+27
j  org.hibernate.bytecode.internal.bytebuddy.ByteBuddyState.make(Lnet/bytebuddy/dynamic/DynamicType$Builder;)Lnet/bytebuddy/dynamic/DynamicType$Unloaded;+3
j  org.hibernate.bytecode.internal.bytebuddy.ByteBuddyState$1.run()Ljava/lang/Class;+23
j  org.hibernate.bytecode.internal.bytebuddy.ByteBuddyState$1.run()Ljava/lang/Object;+1
j  org.hibernate.bytecode.internal.bytebuddy.ByteBuddyState.lambda$load$0(Ljava/util/function/Function;Ljava/lang/Class;)Ljava/lang/Class;+28
j  org.hibernate.bytecode.internal.bytebuddy.ByteBuddyState$$Lambda$934+0x000000080126efd8.call()Ljava/lang/Object;+12
j  net.bytebuddy.TypeCache.findOrInsert(Ljava/lang/ClassLoader;Ljava/lang/Object;Ljava/util/concurrent/Callable;)Ljava/lang/Class;+20
j  net.bytebuddy.TypeCache.findOrInsert(Ljava/lang/ClassLoader;Ljava/lang/Object;Ljava/util/concurrent/Callable;Ljava/lang/Object;)Ljava/lang/Class;+26
j  org.hibernate.bytecode.internal.bytebuddy.ByteBuddyState.load(Ljava/lang/Class;Lnet/bytebuddy/TypeCache;Lnet/bytebuddy/TypeCache$SimpleKey;Ljava/util/function/Function;)Ljava/lang/Class;+16
j  org.hibernate.bytecode.internal.bytebuddy.ByteBuddyState.loadProxy(Ljava/lang/Class;Lnet/bytebuddy/TypeCache$SimpleKey;Ljava/util/function/Function;)Ljava/lang/Class;+8
j  org.hibernate.proxy.pojo.bytebuddy.ByteBuddyProxyHelper.buildProxy(Ljava/lang/Class;[Ljava/lang/Class;)Ljava/lang/Class;+57
j  org.hibernate.proxy.pojo.bytebuddy.ByteBuddyProxyFactory.postInstantiate(Ljava/lang/String;Ljava/lang/Class;Ljava/util/Set;Ljava/lang/reflect/Method;Ljava/lang/reflect/Method;Lorg/hibernate/type/CompositeType;)V+55
j  org.hibernate.metamodel.internal.EntityRepresentationStrategyPojoStandard.createProxyFactory(Lorg/hibernate/mapping/PersistentClass;Lorg/hibernate/bytecode/spi/BytecodeProvider;Lorg/hibernate/metamodel/spi/RuntimeModelCreationContext;)Lorg/hibernate/proxy/ProxyFactory;+485
j  org.hibernate.metamodel.internal.EntityRepresentationStrategyPojoStandard.<init>(Lorg/hibernate/mapping/PersistentClass;Lorg/hibernate/persister/entity/EntityPersister;Lorg/hibernate/metamodel/spi/RuntimeModelCreationContext;)V+278
j  org.hibernate.metamodel.internal.ManagedTypeRepresentationResolverStandard.resolveStrategy(Lorg/hibernate/mapping/PersistentClass;Lorg/hibernate/persister/entity/EntityPersister;Lorg/hibernate/metamodel/spi/RuntimeModelCreationContext;)Lorg/hibernate/metamodel/spi/EntityRepresentationStrategy;+53
j  org.hibernate.persister.entity.AbstractEntityPersister.<init>(Lorg/hibernate/mapping/PersistentClass;Lorg/hibernate/cache/spi/access/EntityDataAccess;Lorg/hibernate/cache/spi/access/NaturalIdDataAccess;Lorg/hibernate/metamodel/spi/RuntimeModelCreationContext;)V+235
j  org.hibernate.persister.entity.SingleTableEntityPersister.<init>(Lorg/hibernate/mapping/PersistentClass;Lorg/hibernate/cache/spi/access/EntityDataAccess;Lorg/hibernate/cache/spi/access/NaturalIdDataAccess;Lorg/hibernate/metamodel/spi/RuntimeModelCreationContext;)V+6
j  java.lang.invoke.LambdaForm$DMH+0x0000000800c8c000.newInvokeSpecial(Ljava/lang/Object;Ljava/lang/Object;Ljava/lang/Object;Ljava/lang/Object;Ljava/lang/Object;)Ljava/lang/Object;+24 java.base@18.0.1.1
j  java.lang.invoke.LambdaForm$MH+0x0000000801261000.invoke(Ljava/lang/Object;Ljava/lang/Object;)Ljava/lang/Object;+122 java.base@18.0.1.1
J 1986 c1 java.lang.invoke.Invokers$Holder.invokeExact_MT(Ljava/lang/Object;Ljava/lang/Object;Ljava/lang/Object;)Ljava/lang/Object; java.base@18.0.1.1 (23 bytes) @ 0x0000016a8092baa4 [0x0000016a8092b620+0x0000000000000484]
J 2191 c1 jdk.internal.reflect.DirectConstructorHandleAccessor.newInstance([Ljava/lang/Object;)Ljava/lang/Object; java.base@18.0.1.1 (148 bytes) @ 0x0000016a809a5d2c [0x0000016a809a59e0+0x000000000000034c]
J 2190 c1 java.lang.reflect.Constructor.newInstanceWithCaller([Ljava/lang/Object;ZLjava/lang/Class;)Ljava/lang/Object; java.base@18.0.1.1 (51 bytes) @ 0x0000016a809a5244 [0x0000016a809a5060+0x00000000000001e4]
J 2339 c1 java.lang.reflect.Constructor.newInstance([Ljava/lang/Object;)Ljava/lang/Object; java.base@18.0.1.1 (34 bytes) @ 0x0000016a809faaac [0x0000016a809fa940+0x000000000000016c]
j  org.hibernate.persister.internal.PersisterFactoryImpl.createEntityPersister(Ljava/lang/Class;Lorg/hibernate/mapping/PersistentClass;Lorg/hibernate/cache/spi/access/EntityDataAccess;Lorg/hibernate/cache/spi/access/NaturalIdDataAccess;Lorg/hibernate/metamodel/spi/RuntimeModelCreationContext;)Lorg/hibernate/persister/entity/EntityPersister;+31
j  org.hibernate.persister.internal.PersisterFactoryImpl.createEntityPersister(Lorg/hibernate/mapping/PersistentClass;Lorg/hibernate/cache/spi/access/EntityDataAccess;Lorg/hibernate/cache/spi/access/NaturalIdDataAccess;Lorg/hibernate/metamodel/spi/RuntimeModelCreationContext;)Lorg/hibernate/persister/entity/EntityPersister;+31
j  org.hibernate.metamodel.model.domain.internal.MappingMetamodelImpl.processBootEntities(Ljava/util/Collection;Lorg/hibernate/cache/spi/CacheImplementor;Lorg/hibernate/persister/spi/PersisterFactory;Lorg/hibernate/metamodel/spi/RuntimeModelCreationContext;)V+76
j  org.hibernate.metamodel.model.domain.internal.MappingMetamodelImpl.finishInitialization(Lorg/hibernate/metamodel/spi/RuntimeModelCreationContext;)V+90
j  org.hibernate.internal.SessionFactoryImpl.initializeMappingModel(Lorg/hibernate/metamodel/model/domain/internal/MappingMetamodelImpl;Lorg/hibernate/boot/spi/BootstrapContext;Lorg/hibernate/boot/spi/MetadataImplementor;Lorg/hibernate/boot/spi/SessionFactoryOptions;)V+18
j  org.hibernate.internal.SessionFactoryImpl.<init>(Lorg/hibernate/boot/spi/MetadataImplementor;Lorg/hibernate/boot/spi/SessionFactoryOptions;Lorg/hibernate/boot/spi/BootstrapContext;)V+430
j  org.hibernate.boot.internal.SessionFactoryBuilderImpl.build()Lorg/hibernate/SessionFactory;+16
j  org.hibernate.jpa.boot.internal.EntityManagerFactoryBuilderImpl.build()Ljakarta/persistence/EntityManagerFactory;+22
j  org.springframework.orm.jpa.vendor.SpringHibernateJpaPersistenceProvider.createContainerEntityManagerFactory(Ljakarta/persistence/spi/PersistenceUnitInfo;Ljava/util/Map;)Ljakarta/persistence/EntityManagerFactory;+59
j  org.springframework.orm.jpa.LocalContainerEntityManagerFactoryBean.createNativeEntityManagerFactory()Ljakarta/persistence/EntityManagerFactory;+111
j  org.springframework.orm.jpa.AbstractEntityManagerFactoryBean.buildNativeEntityManagerFactory()Ljakarta/persistence/EntityManagerFactory;+1
j  org.springframework.orm.jpa.AbstractEntityManagerFactoryBean.afterPropertiesSet()V+192
j  org.springframework.orm.jpa.LocalContainerEntityManagerFactoryBean.afterPropertiesSet()V+84
j  org.springframework.beans.factory.support.AbstractAutowireCapableBeanFactory.invokeInitMethods(Ljava/lang/String;Ljava/lang/Object;Lorg/springframework/beans/factory/support/RootBeanDefinition;)V+56
j  org.springframework.beans.factory.support.AbstractAutowireCapableBeanFactory.initializeBean(Ljava/lang/String;Ljava/lang/Object;Lorg/springframework/beans/factory/support/RootBeanDefinition;)Ljava/lang/Object;+34
j  org.springframework.beans.factory.support.AbstractAutowireCapableBeanFactory.doCreateBean(Ljava/lang/String;Lorg/springframework/beans/factory/support/RootBeanDefinition;[Ljava/lang/Object;)Ljava/lang/Object;+228
j  org.springframework.beans.factory.support.AbstractAutowireCapableBeanFactory.createBean(Ljava/lang/String;Lorg/springframework/beans/factory/support/RootBeanDefinition;[Ljava/lang/Object;)Ljava/lang/Object;+153
j  org.springframework.beans.factory.support.AbstractBeanFactory.lambda$doGetBean$0(Ljava/lang/String;Lorg/springframework/beans/factory/support/RootBeanDefinition;[Ljava/lang/Object;)Ljava/lang/Object;+4
j  org.springframework.beans.factory.support.AbstractBeanFactory$$Lambda$252+0x0000000800db4840.getObject()Ljava/lang/Object;+16
j  org.springframework.beans.factory.support.DefaultSingletonBeanRegistry.getSingleton(Ljava/lang/String;Lorg/springframework/beans/factory/ObjectFactory;)Ljava/lang/Object;+114
J 2409 c1 org.springframework.beans.factory.support.AbstractBeanFactory.doGetBean(Ljava/lang/String;Ljava/lang/Class;[Ljava/lang/Object;Z)Ljava/lang/Object; (740 bytes) @ 0x0000016a80a3db94 [0x0000016a80a3b8c0+0x00000000000022d4]
j  org.springframework.beans.factory.support.AbstractBeanFactory.getBean(Ljava/lang/String;)Ljava/lang/Object;+5
j  org.springframework.beans.factory.support.BeanDefinitionValueResolver.resolveReference(Ljava/lang/Object;Lorg/springframework/beans/factory/config/RuntimeBeanReference;)Ljava/lang/Object;+145
j  org.springframework.beans.factory.support.BeanDefinitionValueResolver.resolveValueIfNecessary(Ljava/lang/Object;Ljava/lang/Object;)Ljava/lang/Object;+15
j  org.springframework.beans.factory.support.ConstructorResolver.resolveConstructorArguments(Ljava/lang/String;Lorg/springframework/beans/factory/support/RootBeanDefinition;Lorg/springframework/beans/BeanWrapper;Lorg/springframework/beans/factory/config/ConstructorArgumentValues;Lorg/springframework/beans/factory/config/ConstructorArgumentValues;)I+182
j  org.springframework.beans.factory.support.ConstructorResolver.instantiateUsingFactoryMethod(Ljava/lang/String;Lorg/springframework/beans/factory/support/RootBeanDefinition;[Ljava/lang/Object;)Lorg/springframework/beans/BeanWrapper;+588
j  org.springframework.beans.factory.support.AbstractAutowireCapableBeanFactory.instantiateUsingFactoryMethod(Ljava/lang/String;Lorg/springframework/beans/factory/support/RootBeanDefinition;[Ljava/lang/Object;)Lorg/springframework/beans/BeanWrapper;+11
j  org.springframework.beans.factory.support.AbstractAutowireCapableBeanFactory.createBeanInstance(Ljava/lang/String;Lorg/springframework/beans/factory/support/RootBeanDefinition;[Ljava/lang/Object;)Lorg/springframework/beans/BeanWrapper;+89
j  org.springframework.beans.factory.support.AbstractAutowireCapableBeanFactory.doCreateBean(Ljava/lang/String;Lorg/springframework/beans/factory/support/RootBeanDefinition;[Ljava/lang/Object;)Ljava/lang/Object;+34
j  org.springframework.beans.factory.support.AbstractAutowireCapableBeanFactory.createBean(Ljava/lang/String;Lorg/springframework/beans/factory/support/RootBeanDefinition;[Ljava/lang/Object;)Ljava/lang/Object;+153
j  org.springframework.beans.factory.support.AbstractBeanFactory.lambda$doGetBean$0(Ljava/lang/String;Lorg/springframework/beans/factory/support/RootBeanDefinition;[Ljava/lang/Object;)Ljava/lang/Object;+4
j  org.springframework.beans.factory.support.AbstractBeanFactory$$Lambda$252+0x0000000800db4840.getObject()Ljava/lang/Object;+16
j  org.springframework.beans.factory.support.DefaultSingletonBeanRegistry.getSingleton(Ljava/lang/String;Lorg/springframework/beans/factory/ObjectFactory;)Ljava/lang/Object;+114
J 2409 c1 org.springframework.beans.factory.support.AbstractBeanFactory.doGetBean(Ljava/lang/String;Ljava/lang/Class;[Ljava/lang/Object;Z)Ljava/lang/Object; (740 bytes) @ 0x0000016a80a3db94 [0x0000016a80a3b8c0+0x00000000000022d4]
j  org.springframework.beans.factory.support.AbstractBeanFactory.getBean(Ljava/lang/String;)Ljava/lang/Object;+5
j  org.springframework.beans.factory.support.BeanDefinitionValueResolver.resolveReference(Ljava/lang/Object;Lorg/springframework/beans/factory/config/RuntimeBeanReference;)Ljava/lang/Object;+145
j  org.springframework.beans.factory.support.BeanDefinitionValueResolver.resolveValueIfNecessary(Ljava/lang/Object;Ljava/lang/Object;)Ljava/lang/Object;+15
j  org.springframework.beans.factory.support.AbstractAutowireCapableBeanFactory.applyPropertyValues(Ljava/lang/String;Lorg/springframework/beans/factory/config/BeanDefinition;Lorg/springframework/beans/BeanWrapper;Lorg/springframework/beans/PropertyValues;)V+274
j  org.springframework.beans.factory.support.AbstractAutowireCapableBeanFactory.populateBean(Ljava/lang/String;Lorg/springframework/beans/factory/support/RootBeanDefinition;Lorg/springframework/beans/BeanWrapper;)V+351
j  org.springframework.beans.factory.support.AbstractAutowireCapableBeanFactory.doCreateBean(Ljava/lang/String;Lorg/springframework/beans/factory/support/RootBeanDefinition;[Ljava/lang/Object;)Ljava/lang/Object;+220
j  org.springframework.beans.factory.support.AbstractAutowireCapableBeanFactory.createBean(Ljava/lang/String;Lorg/springframework/beans/factory/support/RootBeanDefinition;[Ljava/lang/Object;)Ljava/lang/Object;+153
j  org.springframework.beans.factory.support.AbstractBeanFactory.lambda$doGetBean$0(Ljava/lang/String;Lorg/springframework/beans/factory/support/RootBeanDefinition;[Ljava/lang/Object;)Ljava/lang/Object;+4
j  org.springframework.beans.factory.support.AbstractBeanFactory$$Lambda$252+0x0000000800db4840.getObject()Ljava/lang/Object;+16
j  org.springframework.beans.factory.support.DefaultSingletonBeanRegistry.getSingleton(Ljava/lang/String;Lorg/springframework/beans/factory/ObjectFactory;)Ljava/lang/Object;+114
J 2409 c1 org.springframework.beans.factory.support.AbstractBeanFactory.doGetBean(Ljava/lang/String;Ljava/lang/Class;[Ljava/lang/Object;Z)Ljava/lang/Object; (740 bytes) @ 0x0000016a80a3db94 [0x0000016a80a3b8c0+0x00000000000022d4]
j  org.springframework.beans.factory.support.AbstractBeanFactory.getBean(Ljava/lang/String;)Ljava/lang/Object;+5
j  org.springframework.beans.factory.config.DependencyDescriptor.resolveCandidate(Ljava/lang/String;Ljava/lang/Class;Lorg/springframework/beans/factory/BeanFactory;)Ljava/lang/Object;+2
j  org.springframework.beans.factory.support.DefaultListableBeanFactory.doResolveDependency(Lorg/springframework/beans/factory/config/DependencyDescriptor;Ljava/lang/String;Ljava/util/Set;Lorg/springframework/beans/TypeConverter;)Ljava/lang/Object;+473
j  org.springframework.beans.factory.support.DefaultListableBeanFactory.resolveDependency(Lorg/springframework/beans/factory/config/DependencyDescriptor;Ljava/lang/String;Ljava/util/Set;Lorg/springframework/beans/TypeConverter;)Ljava/lang/Object;+107
j  org.springframework.beans.factory.annotation.AutowiredAnnotationBeanPostProcessor$AutowiredFieldElement.resolveFieldValue(Ljava/lang/reflect/Field;Ljava/lang/Object;Ljava/lang/String;)Ljava/lang/Object;+81
j  org.springframework.beans.factory.annotation.AutowiredAnnotationBeanPostProcessor$AutowiredFieldElement.inject(Ljava/lang/Object;Ljava/lang/String;Lorg/springframework/beans/PropertyValues;)V+74
j  org.springframework.beans.factory.annotation.InjectionMetadata.inject(Ljava/lang/Object;Ljava/lang/String;Lorg/springframework/beans/PropertyValues;)V+68
j  org.springframework.beans.factory.annotation.AutowiredAnnotationBeanPostProcessor.postProcessProperties(Lorg/springframework/beans/PropertyValues;Ljava/lang/Object;Ljava/lang/String;)Lorg/springframework/beans/PropertyValues;+17
j  org.springframework.beans.factory.support.AbstractAutowireCapableBeanFactory.populateBean(Ljava/lang/String;Lorg/springframework/beans/factory/support/RootBeanDefinition;Lorg/springframework/beans/BeanWrapper;)V+280
j  org.springframework.beans.factory.support.AbstractAutowireCapableBeanFactory.doCreateBean(Ljava/lang/String;Lorg/springframework/beans/factory/support/RootBeanDefinition;[Ljava/lang/Object;)Ljava/lang/Object;+220
j  org.springframework.beans.factory.support.AbstractAutowireCapableBeanFactory.createBean(Ljava/lang/String;Lorg/springframework/beans/factory/support/RootBeanDefinition;[Ljava/lang/Object;)Ljava/lang/Object;+153
j  org.springframework.beans.factory.support.AbstractBeanFactory.lambda$doGetBean$0(Ljava/lang/String;Lorg/springframework/beans/factory/support/RootBeanDefinition;[Ljava/lang/Object;)Ljava/lang/Object;+4
j  org.springframework.beans.factory.support.AbstractBeanFactory$$Lambda$252+0x0000000800db4840.getObject()Ljava/lang/Object;+16
j  org.springframework.beans.factory.support.DefaultSingletonBeanRegistry.getSingleton(Ljava/lang/String;Lorg/springframework/beans/factory/ObjectFactory;)Ljava/lang/Object;+114
J 2409 c1 org.springframework.beans.factory.support.AbstractBeanFactory.doGetBean(Ljava/lang/String;Ljava/lang/Class;[Ljava/lang/Object;Z)Ljava/lang/Object; (740 bytes) @ 0x0000016a80a3db94 [0x0000016a80a3b8c0+0x00000000000022d4]
j  org.springframework.beans.factory.support.AbstractBeanFactory.getBean(Ljava/lang/String;)Ljava/lang/Object;+5
j  org.springframework.beans.factory.config.DependencyDescriptor.resolveCandidate(Ljava/lang/String;Ljava/lang/Class;Lorg/springframework/beans/factory/BeanFactory;)Ljava/lang/Object;+2
j  org.springframework.beans.factory.support.DefaultListableBeanFactory.doResolveDependency(Lorg/springframework/beans/factory/config/DependencyDescriptor;Ljava/lang/String;Ljava/util/Set;Lorg/springframework/beans/TypeConverter;)Ljava/lang/Object;+473
j  org.springframework.beans.factory.support.DefaultListableBeanFactory.resolveDependency(Lorg/springframework/beans/factory/config/DependencyDescriptor;Ljava/lang/String;Ljava/util/Set;Lorg/springframework/beans/TypeConverter;)Ljava/lang/Object;+107
j  org.springframework.beans.factory.annotation.AutowiredAnnotationBeanPostProcessor$AutowiredFieldElement.resolveFieldValue(Ljava/lang/reflect/Field;Ljava/lang/Object;Ljava/lang/String;)Ljava/lang/Object;+81
j  org.springframework.beans.factory.annotation.AutowiredAnnotationBeanPostProcessor$AutowiredFieldElement.inject(Ljava/lang/Object;Ljava/lang/String;Lorg/springframework/beans/PropertyValues;)V+74
j  org.springframework.beans.factory.annotation.InjectionMetadata.inject(Ljava/lang/Object;Ljava/lang/String;Lorg/springframework/beans/PropertyValues;)V+68
j  org.springframework.beans.factory.annotation.AutowiredAnnotationBeanPostProcessor.postProcessProperties(Lorg/springframework/beans/PropertyValues;Ljava/lang/Object;Ljava/lang/String;)Lorg/springframework/beans/PropertyValues;+17
j  org.springframework.beans.factory.support.AbstractAutowireCapableBeanFactory.populateBean(Ljava/lang/String;Lorg/springframework/beans/factory/support/RootBeanDefinition;Lorg/springframework/beans/BeanWrapper;)V+280
j  org.springframework.beans.factory.support.AbstractAutowireCapableBeanFactory.doCreateBean(Ljava/lang/String;Lorg/springframework/beans/factory/support/RootBeanDefinition;[Ljava/lang/Object;)Ljava/lang/Object;+220
j  org.springframework.beans.factory.support.AbstractAutowireCapableBeanFactory.createBean(Ljava/lang/String;Lorg/springframework/beans/factory/support/RootBeanDefinition;[Ljava/lang/Object;)Ljava/lang/Object;+153
j  org.springframework.beans.factory.support.AbstractBeanFactory.lambda$doGetBean$0(Ljava/lang/String;Lorg/springframework/beans/factory/support/RootBeanDefinition;[Ljava/lang/Object;)Ljava/lang/Object;+4
j  org.springframework.beans.factory.support.AbstractBeanFactory$$Lambda$252+0x0000000800db4840.getObject()Ljava/lang/Object;+16
j  org.springframework.beans.factory.support.DefaultSingletonBeanRegistry.getSingleton(Ljava/lang/String;Lorg/springframework/beans/factory/ObjectFactory;)Ljava/lang/Object;+114
J 2409 c1 org.springframework.beans.factory.support.AbstractBeanFactory.doGetBean(Ljava/lang/String;Ljava/lang/Class;[Ljava/lang/Object;Z)Ljava/lang/Object; (740 bytes) @ 0x0000016a80a3db94 [0x0000016a80a3b8c0+0x00000000000022d4]
J 2508 c1 org.springframework.beans.factory.support.AbstractBeanFactory.getBean(Ljava/lang/String;Ljava/lang/Class;)Ljava/lang/Object; (9 bytes) @ 0x0000016a80a8a9c4 [0x0000016a80a8a8c0+0x0000000000000104]
j  org.springframework.boot.web.servlet.ServletContextInitializerBeans.getOrderedBeansOfType(Lorg/springframework/beans/factory/ListableBeanFactory;Ljava/lang/Class;Ljava/util/Set;)Ljava/util/List;+69
j  org.springframework.boot.web.servlet.ServletContextInitializerBeans.addAsRegistrationBean(Lorg/springframework/beans/factory/ListableBeanFactory;Ljava/lang/Class;Ljava/lang/Class;Lorg/springframework/boot/web/servlet/ServletContextInitializerBeans$RegistrationBeanAdapter;)V+7
j  org.springframework.boot.web.servlet.ServletContextInitializerBeans.addAsRegistrationBean(Lorg/springframework/beans/factory/ListableBeanFactory;Ljava/lang/Class;Lorg/springframework/boot/web/servlet/ServletContextInitializerBeans$RegistrationBeanAdapter;)V+5
j  org.springframework.boot.web.servlet.ServletContextInitializerBeans.addAdaptableBeans(Lorg/springframework/beans/factory/ListableBeanFactory;)V+32
j  org.springframework.boot.web.servlet.ServletContextInitializerBeans.<init>(Lorg/springframework/beans/factory/ListableBeanFactory;[Ljava/lang/Class;)V+54
j  org.springframework.boot.web.servlet.context.ServletWebServerApplicationContext.getServletContextInitializerBeans()Ljava/util/Collection;+12
j  org.springframework.boot.web.servlet.context.ServletWebServerApplicationContext.selfInitialize(Ljakarta/servlet/ServletContext;)V+19
j  org.springframework.boot.web.servlet.context.ServletWebServerApplicationContext$$Lambda$692+0x0000000800fd3128.onStartup(Ljakarta/servlet/ServletContext;)V+5
j  org.springframework.boot.web.embedded.tomcat.TomcatStarter.onStartup(Ljava/util/Set;Ljakarta/servlet/ServletContext;)V+28
j  org.apache.catalina.core.StandardContext.startInternal()V+1050
j  org.apache.catalina.util.LifecycleBase.start()V+210
j  org.apache.catalina.core.ContainerBase$StartChild.call()Ljava/lang/Void;+4
j  org.apache.catalina.core.ContainerBase$StartChild.call()Ljava/lang/Object;+1
j  java.util.concurrent.FutureTask.run()V+39 java.base@18.0.1.1
j  org.apache.tomcat.util.threads.InlineExecutorService.execute(Ljava/lang/Runnable;)V+38
j  java.util.concurrent.AbstractExecutorService.submit(Ljava/util/concurrent/Callable;)Ljava/util/concurrent/Future;+20 java.base@18.0.1.1
j  org.apache.catalina.core.ContainerBase.startInternal()V+116
j  org.apache.catalina.core.StandardHost.startInternal()V+179
j  org.apache.catalina.util.LifecycleBase.start()V+210
j  org.apache.catalina.core.ContainerBase$StartChild.call()Ljava/lang/Void;+4
j  org.apache.catalina.core.ContainerBase$StartChild.call()Ljava/lang/Object;+1
j  java.util.concurrent.FutureTask.run()V+39 java.base@18.0.1.1
j  org.apache.tomcat.util.threads.InlineExecutorService.execute(Ljava/lang/Runnable;)V+38
j  java.util.concurrent.AbstractExecutorService.submit(Ljava/util/concurrent/Callable;)Ljava/util/concurrent/Future;+20 java.base@18.0.1.1
j  org.apache.catalina.core.ContainerBase.startInternal()V+116
j  org.apache.catalina.core.StandardEngine.startInternal()V+38
j  org.apache.catalina.util.LifecycleBase.start()V+210
j  org.apache.catalina.core.StandardService.startInternal()V+63
j  org.apache.catalina.util.LifecycleBase.start()V+210
j  org.apache.catalina.core.StandardServer.startInternal()V+94
j  org.apache.catalina.util.LifecycleBase.start()V+210
j  org.apache.catalina.startup.Tomcat.start()V+9
j  org.springframework.boot.web.embedded.tomcat.TomcatWebServer.initialize()V+51
j  org.springframework.boot.web.embedded.tomcat.TomcatWebServer.<init>(Lorg/apache/catalina/startup/Tomcat;ZLorg/springframework/boot/web/server/Shutdown;)V+66
j  org.springframework.boot.web.embedded.tomcat.TomcatServletWebServerFactory.getTomcatWebServer(Lorg/apache/catalina/startup/Tomcat;)Lorg/springframework/boot/web/embedded/tomcat/TomcatWebServer;+21
j  org.springframework.boot.web.embedded.tomcat.TomcatServletWebServerFactory.getWebServer([Lorg/springframework/boot/web/servlet/ServletContextInitializer;)Lorg/springframework/boot/web/server/WebServer;+212
j  org.springframework.boot.web.servlet.context.ServletWebServerApplicationContext.createWebServer()V+67
j  org.springframework.boot.web.servlet.context.ServletWebServerApplicationContext.onRefresh()V+5
j  org.springframework.context.support.AbstractApplicationContext.refresh()V+77
j  org.springframework.boot.web.servlet.context.ServletWebServerApplicationContext.refresh()V+1
j  org.springframework.boot.SpringApplication.refresh(Lorg/springframework/context/ConfigurableApplicationContext;)V+1
j  org.springframework.boot.SpringApplication.refreshContext(Lorg/springframework/context/ConfigurableApplicationContext;)V+16
j  org.springframework.boot.SpringApplication.run([Ljava/lang/String;)Lorg/springframework/context/ConfigurableApplicationContext;+110
j  org.springframework.boot.SpringApplication.run([Ljava/lang/Class;[Ljava/lang/String;)Lorg/springframework/context/ConfigurableApplicationContext;+9
j  org.springframework.boot.SpringApplication.run(Ljava/lang/Class;[Ljava/lang/String;)Lorg/springframework/context/ConfigurableApplicationContext;+9
j  com.hotelManagement.Main.main([Ljava/lang/String;)V+3
v  ~StubRoutines::call_stub

---------------  P R O C E S S  ---------------

Threads class SMR info:
_java_thread_list=0x0000016afdad0d30, length=15, elements={
0x0000016aed910540, 0x0000016afc6cdc60, 0x0000016afc6ce510, 0x0000016afc6ea190,
0x0000016afc6eaa40, 0x0000016afc6eb2f0, 0x0000016afc6ebba0, 0x0000016afc6f8220,
0x0000016afc7042e0, 0x0000016afca80490, 0x0000016afc6bb7e0, 0x0000016afcdab350,
0x0000016afcdab810, 0x0000016afd877540, 0x0000016afd877a10
}

Java Threads: ( => current thread )
=>0x0000016aed910540 JavaThread "main" [_thread_in_vm, id=16744, stack(0x0000001df4c00000,0x0000001df4d00000)]
  0x0000016afc6cdc60 JavaThread "Reference Handler" daemon [_thread_blocked, id=28096, stack(0x0000001df5300000,0x0000001df5400000)]
  0x0000016afc6ce510 JavaThread "Finalizer" daemon [_thread_blocked, id=25840, stack(0x0000001df5400000,0x0000001df5500000)]
  0x0000016afc6ea190 JavaThread "Signal Dispatcher" daemon [_thread_blocked, id=21468, stack(0x0000001df5500000,0x0000001df5600000)]
  0x0000016afc6eaa40 JavaThread "Attach Listener" daemon [_thread_blocked, id=2412, stack(0x0000001df5600000,0x0000001df5700000)]
  0x0000016afc6eb2f0 JavaThread "Service Thread" daemon [_thread_blocked, id=26400, stack(0x0000001df5700000,0x0000001df5800000)]
  0x0000016afc6ebba0 JavaThread "Monitor Deflation Thread" daemon [_thread_blocked, id=13592, stack(0x0000001df5800000,0x0000001df5900000)]
  0x0000016afc6f8220 JavaThread "C2 CompilerThread0" daemon [_thread_blocked, id=24416, stack(0x0000001df5900000,0x0000001df5a00000)]
  0x0000016afc7042e0 JavaThread "C1 CompilerThread0" daemon [_thread_blocked, id=23380, stack(0x0000001df5a00000,0x0000001df5b00000)]
  0x0000016afca80490 JavaThread "Sweeper thread" daemon [_thread_blocked, id=28460, stack(0x0000001df5b00000,0x0000001df5c00000)]
  0x0000016afc6bb7e0 JavaThread "Common-Cleaner" daemon [_thread_blocked, id=27640, stack(0x0000001df5c00000,0x0000001df5d00000)]
  0x0000016afcdab350 JavaThread "Monitor Ctrl-Break" daemon [_thread_in_native, id=12380, stack(0x0000001df5e00000,0x0000001df5f00000)]
  0x0000016afcdab810 JavaThread "Notification Thread" daemon [_thread_blocked, id=17012, stack(0x0000001df5f00000,0x0000001df6000000)]
  0x0000016afd877540 JavaThread "mysql-cj-abandoned-connection-cleanup" daemon [_thread_blocked, id=2008, stack(0x0000001df6900000,0x0000001df6a00000)]
  0x0000016afd877a10 JavaThread "HikariPool-1 housekeeper" daemon [_thread_blocked, id=4572, stack(0x0000001df6a00000,0x0000001df6b00000)]

Other Threads:
  0x0000016aed9adb50 VMThread "VM Thread" [stack: 0x0000001df5200000,0x0000001df5300000] [id=22920] _threads_hazard_ptr=0x0000016afdad0d30
  0x0000016aed9111b0 WatcherThread "VM Periodic Task Thread" [stack: 0x0000001df6000000,0x0000001df6100000] [id=15136]
  0x0000016aed96da90 WorkerThread "GC Thread#0" [stack: 0x0000001df4d00000,0x0000001df4e00000] [id=19884]
  0x0000016afd8c2410 WorkerThread "GC Thread#1" [stack: 0x0000001df5d00000,0x0000001df5e00000] [id=22988]
  0x0000016afd8ba240 WorkerThread "GC Thread#2" [stack: 0x0000001df6100000,0x0000001df6200000] [id=14456]
  0x0000016afd188a50 WorkerThread "GC Thread#3" [stack: 0x0000001df6200000,0x0000001df6300000] [id=27788]
  0x0000016afd336570 WorkerThread "GC Thread#4" [stack: 0x0000001df6300000,0x0000001df6400000] [id=8532]
  0x0000016afd8f8760 WorkerThread "GC Thread#5" [stack: 0x0000001df6400000,0x0000001df6500000] [id=27872]
  0x0000016afd8f8a00 WorkerThread "GC Thread#6" [stack: 0x0000001df6500000,0x0000001df6600000] [id=23652]
  0x0000016afd28d3b0 WorkerThread "GC Thread#7" [stack: 0x0000001df6600000,0x0000001df6700000] [id=10664]
  0x0000016aed99af70 ConcurrentGCThread "G1 Main Marker" [stack: 0x0000001df4e00000,0x0000001df4f00000] [id=11776]
  0x0000016aed99b960 WorkerThread "G1 Conc#0" [stack: 0x0000001df4f00000,0x0000001df5000000] [id=19928]
  0x0000016afdb2e1e0 WorkerThread "G1 Conc#1" [stack: 0x0000001df6700000,0x0000001df6800000] [id=26256]
  0x0000016afc583340 ConcurrentGCThread "G1 Refine#0" [stack: 0x0000001df5000000,0x0000001df5100000] [id=25736]
  0x0000016afc584a10 ConcurrentGCThread "G1 Service" [stack: 0x0000001df5100000,0x0000001df5200000] [id=26336]

Threads with active compile tasks:

VM state: synchronizing (normal execution)

VM Mutex/Monitor currently owned by a thread:  ([mutex/lock_event])
[0x0000016aed90b180] Metaspace_lock - owner thread: 0x0000016aed910540
[0x0000016aed90d100] Threads_lock - owner thread: 0x0000016aed9adb50

Heap address: 0x0000000084c00000, size: 1972 MB, Compressed Oops mode: 32-bit

CDS archive(s) mapped at: [0x0000000800000000-0x0000000800b90000-0x0000000800b90000), size 12124160, SharedBaseAddress: 0x0000000800000000, ArchiveRelocationMode: 0.
Compressed class space mapped at: 0x0000000800c00000-0x0000000840c00000, reserved size: 1073741824
Narrow klass base: 0x0000000800000000, Narrow klass shift: 0, Narrow klass range: 0x100000000

GC Precious Log:
 CardTable entry size: 512
 Card Set container configuration: InlinePtr #cards 5 size 8 Array Of Cards #cards 12 size 40 Howl #buckets 4 coarsen threshold 1843 Howl Bitmap #cards 512 size 80 coarsen threshold 460 Card regions per heap region 1 cards per card region 2048
 CPUs: 8 total, 8 available
 Memory: 7883M
 Large Page Support: Disabled
 NUMA Support: Disabled
 Compressed Oops: Enabled (32-bit)
 Heap Region Size: 1M
 Heap Min Capacity: 8M
 Heap Initial Capacity: 124M
 Heap Max Capacity: 1972M
 Pre-touch: Disabled
 Parallel Workers: 8
 Concurrent Workers: 2
 Concurrent Refinement Workers: 8
 Periodic GC: Disabled

Heap:
 garbage-first heap   total 61440K, used 42671K [0x0000000084c00000, 0x0000000100000000)
  region size 1024K, 26 young (26624K), 4 survivors (4096K)
 Metaspace       used 49460K, committed 49984K, reserved 1114112K
  class space    used 6642K, committed 6912K, reserved 1048576K

Heap Regions: E=young(eden), S=young(survivor), O=old, HS=humongous(starts), HC=humongous(continues), CS=collection set, F=free, OA=open archive, CA=closed archive, TAMS=top-at-mark-start (previous, next)
|   0|0x0000000084c00000, 0x0000000084d00000, 0x0000000084d00000|100%|HS|  |TAMS 0x0000000084d00000, 0x0000000084c00000| Complete 
|   1|0x0000000084d00000, 0x0000000084e00000, 0x0000000084e00000|100%| O|  |TAMS 0x0000000084e00000, 0x0000000084d00000| Untracked 
|   2|0x0000000084e00000, 0x0000000084f00000, 0x0000000084f00000|100%| O|  |TAMS 0x0000000084f00000, 0x0000000084e00000| Untracked 
|   3|0x0000000084f00000, 0x0000000085000000, 0x0000000085000000|100%| O|  |TAMS 0x0000000085000000, 0x0000000084f00000| Untracked 
|   4|0x0000000085000000, 0x0000000085100000, 0x0000000085100000|100%| O|  |TAMS 0x0000000085100000, 0x0000000085000000| Untracked 
|   5|0x0000000085100000, 0x0000000085200000, 0x0000000085200000|100%| O|  |TAMS 0x0000000085200000, 0x0000000085100000| Untracked 
|   6|0x0000000085200000, 0x0000000085300000, 0x0000000085300000|100%| O|  |TAMS 0x0000000085300000, 0x0000000085200000| Untracked 
|   7|0x0000000085300000, 0x000000008539e600, 0x0000000085400000| 61%| O|  |TAMS 0x000000008539e600, 0x0000000085300000| Untracked 
|   8|0x0000000085400000, 0x0000000085500000, 0x0000000085500000|100%| O|  |TAMS 0x0000000085500000, 0x0000000085400000| Untracked 
|   9|0x0000000085500000, 0x0000000085600000, 0x0000000085600000|100%| O|  |TAMS 0x0000000085600000, 0x0000000085500000| Untracked 
|  10|0x0000000085600000, 0x0000000085700000, 0x0000000085700000|100%| O|  |TAMS 0x0000000085700000, 0x0000000085600000| Untracked 
|  11|0x0000000085700000, 0x0000000085800000, 0x0000000085800000|100%| O|  |TAMS 0x0000000085800000, 0x0000000085700000| Untracked 
|  12|0x0000000085800000, 0x0000000085900000, 0x0000000085900000|100%| O|  |TAMS 0x0000000085900000, 0x0000000085800000| Untracked 
|  13|0x0000000085900000, 0x0000000085a00000, 0x0000000085a00000|100%| O|  |TAMS 0x0000000085a00000, 0x0000000085900000| Untracked 
|  14|0x0000000085a00000, 0x0000000085b00000, 0x0000000085b00000|100%| O|  |TAMS 0x0000000085b00000, 0x0000000085a00000| Untracked 
|  15|0x0000000085b00000, 0x0000000085c00000, 0x0000000085c00000|100%| O|  |TAMS 0x0000000085c00000, 0x0000000085b00000| Untracked 
|  16|0x0000000085c00000, 0x0000000085d00000, 0x0000000085d00000|100%| O|  |TAMS 0x0000000085d00000, 0x0000000085c00000| Untracked 
|  17|0x0000000085d00000, 0x0000000085e00000, 0x0000000085e00000|100%| O|  |TAMS 0x0000000085dfa000, 0x0000000085d00000| Untracked 
|  18|0x0000000085e00000, 0x0000000085e0d600, 0x0000000085f00000|  5%| O|  |TAMS 0x0000000085e00000, 0x0000000085e00000| Untracked 
|  19|0x0000000085f00000, 0x0000000085f00000, 0x0000000086000000|  0%| F|  |TAMS 0x0000000085f00000, 0x0000000085f00000| Untracked 
|  20|0x0000000086000000, 0x0000000086000000, 0x0000000086100000|  0%| F|  |TAMS 0x0000000086000000, 0x0000000086000000| Untracked 
|  21|0x0000000086100000, 0x0000000086100000, 0x0000000086200000|  0%| F|  |TAMS 0x0000000086100000, 0x0000000086100000| Untracked 
|  22|0x0000000086200000, 0x0000000086200000, 0x0000000086300000|  0%| F|  |TAMS 0x0000000086200000, 0x0000000086200000| Untracked 
|  23|0x0000000086300000, 0x0000000086300000, 0x0000000086400000|  0%| F|  |TAMS 0x0000000086300000, 0x0000000086300000| Untracked 
|  24|0x0000000086400000, 0x0000000086400000, 0x0000000086500000|  0%| F|  |TAMS 0x0000000086400000, 0x0000000086400000| Untracked 
|  25|0x0000000086500000, 0x0000000086500000, 0x0000000086600000|  0%| F|  |TAMS 0x0000000086500000, 0x0000000086500000| Untracked 
|  26|0x0000000086600000, 0x0000000086600000, 0x0000000086700000|  0%| F|  |TAMS 0x0000000086600000, 0x0000000086600000| Untracked 
|  27|0x0000000086700000, 0x0000000086700000, 0x0000000086800000|  0%| F|  |TAMS 0x0000000086700000, 0x0000000086700000| Untracked 
|  28|0x0000000086800000, 0x0000000086900000, 0x0000000086900000|100%| S|CS|TAMS 0x0000000086800000, 0x0000000086800000| Complete 
|  29|0x0000000086900000, 0x0000000086a00000, 0x0000000086a00000|100%| S|CS|TAMS 0x0000000086900000, 0x0000000086900000| Complete 
|  30|0x0000000086a00000, 0x0000000086b00000, 0x0000000086b00000|100%| S|CS|TAMS 0x0000000086a00000, 0x0000000086a00000| Complete 
|  31|0x0000000086b00000, 0x0000000086c00000, 0x0000000086c00000|100%| S|CS|TAMS 0x0000000086b00000, 0x0000000086b00000| Complete 
|  32|0x0000000086c00000, 0x0000000086c00000, 0x0000000086d00000|  0%| F|  |TAMS 0x0000000086c00000, 0x0000000086c00000| Untracked 
|  33|0x0000000086d00000, 0x0000000086d00000, 0x0000000086e00000|  0%| F|  |TAMS 0x0000000086d00000, 0x0000000086d00000| Untracked 
|  34|0x0000000086e00000, 0x0000000086e00000, 0x0000000086f00000|  0%| F|  |TAMS 0x0000000086e00000, 0x0000000086e00000| Untracked 
|  35|0x0000000086f00000, 0x0000000086f00000, 0x0000000087000000|  0%| F|  |TAMS 0x0000000086f00000, 0x0000000086f00000| Untracked 
|  36|0x0000000087000000, 0x0000000087000000, 0x0000000087100000|  0%| F|  |TAMS 0x0000000087000000, 0x0000000087000000| Untracked 
|  37|0x0000000087100000, 0x0000000087100000, 0x0000000087200000|  0%| F|  |TAMS 0x0000000087100000, 0x0000000087100000| Untracked 
|  38|0x0000000087200000, 0x00000000872e87a0, 0x0000000087300000| 90%| E|  |TAMS 0x0000000087200000, 0x0000000087200000| Complete 
|  39|0x0000000087300000, 0x0000000087400000, 0x0000000087400000|100%| E|CS|TAMS 0x0000000087300000, 0x0000000087300000| Complete 
|  40|0x0000000087400000, 0x0000000087500000, 0x0000000087500000|100%| E|CS|TAMS 0x0000000087400000, 0x0000000087400000| Complete 
|  41|0x0000000087500000, 0x0000000087600000, 0x0000000087600000|100%| E|CS|TAMS 0x0000000087500000, 0x0000000087500000| Complete 
|  42|0x0000000087600000, 0x0000000087700000, 0x0000000087700000|100%| E|CS|TAMS 0x0000000087600000, 0x0000000087600000| Complete 
|  43|0x0000000087700000, 0x0000000087800000, 0x0000000087800000|100%| E|CS|TAMS 0x0000000087700000, 0x0000000087700000| Complete 
|  44|0x0000000087800000, 0x0000000087900000, 0x0000000087900000|100%| E|CS|TAMS 0x0000000087800000, 0x0000000087800000| Complete 
|  45|0x0000000087900000, 0x0000000087a00000, 0x0000000087a00000|100%| E|CS|TAMS 0x0000000087900000, 0x0000000087900000| Complete 
|  46|0x0000000087a00000, 0x0000000087b00000, 0x0000000087b00000|100%| E|CS|TAMS 0x0000000087a00000, 0x0000000087a00000| Complete 
|  47|0x0000000087b00000, 0x0000000087c00000, 0x0000000087c00000|100%| E|CS|TAMS 0x0000000087b00000, 0x0000000087b00000| Complete 
|  48|0x0000000087c00000, 0x0000000087d00000, 0x0000000087d00000|100%| E|CS|TAMS 0x0000000087c00000, 0x0000000087c00000| Complete 
|  49|0x0000000087d00000, 0x0000000087e00000, 0x0000000087e00000|100%| E|CS|TAMS 0x0000000087d00000, 0x0000000087d00000| Complete 
|  50|0x0000000087e00000, 0x0000000087f00000, 0x0000000087f00000|100%| E|  |TAMS 0x0000000087e00000, 0x0000000087e00000| Complete 
|  51|0x0000000087f00000, 0x0000000088000000, 0x0000000088000000|100%| E|CS|TAMS 0x0000000087f00000, 0x0000000087f00000| Complete 
|  52|0x0000000088000000, 0x0000000088100000, 0x0000000088100000|100%| E|CS|TAMS 0x0000000088000000, 0x0000000088000000| Complete 
|  68|0x0000000089000000, 0x0000000089100000, 0x0000000089100000|100%| E|CS|TAMS 0x0000000089000000, 0x0000000089000000| Complete 
|  69|0x0000000089100000, 0x0000000089200000, 0x0000000089200000|100%| E|CS|TAMS 0x0000000089100000, 0x0000000089100000| Complete 
|  70|0x0000000089200000, 0x0000000089300000, 0x0000000089300000|100%| E|CS|TAMS 0x0000000089200000, 0x0000000089200000| Complete 
|  71|0x0000000089300000, 0x0000000089400000, 0x0000000089400000|100%| E|CS|TAMS 0x0000000089300000, 0x0000000089300000| Complete 
|  72|0x0000000089400000, 0x0000000089500000, 0x0000000089500000|100%| E|CS|TAMS 0x0000000089400000, 0x0000000089400000| Complete 
|  73|0x0000000089500000, 0x0000000089600000, 0x0000000089600000|100%| E|CS|TAMS 0x0000000089500000, 0x0000000089500000| Complete 
| 123|0x000000008c700000, 0x000000008c800000, 0x000000008c800000|100%| E|CS|TAMS 0x000000008c700000, 0x000000008c700000| Complete 

Card table byte_map: [0x0000016af5940000,0x0000016af5d20000] _byte_map_base: 0x0000016af551a000

Marking Bits (Prev, Next): (CMBitMap*) 0x0000016aed96e090, (CMBitMap*) 0x0000016aed96e0d0
 Prev Bits: [0x0000016af6100000, 0x0000016af7fd0000)
 Next Bits: [0x0000016af7fd0000, 0x0000016af9ea0000)

Polling page: 0x0000016aeb800000

Metaspace:

Usage:
  Non-class:     41.81 MB used.
      Class:      6.49 MB used.
       Both:     48.30 MB used.

Virtual space:
  Non-class space:       64.00 MB reserved,      42.06 MB ( 66%) committed,  1 nodes.
      Class space:        1.00 GB reserved,       6.75 MB ( <1%) committed,  1 nodes.
             Both:        1.06 GB reserved,      48.81 MB (  4%) committed. 

Chunk freelists:
   Non-Class:  1.17 MB
       Class:  1.28 MB
        Both:  2.45 MB

MaxMetaspaceSize: unlimited
CompressedClassSpaceSize: 1.00 GB
Initial GC threshold: 21.00 MB
Current GC threshold: 58.75 MB
CDS: on
MetaspaceReclaimPolicy: balanced
 - commit_granule_bytes: 65536.
 - commit_granule_words: 8192.
 - virtual_space_node_default_size: 8388608.
 - enlarge_chunks_in_place: 1.
 - new_chunks_are_fully_committed: 0.
 - uncommit_free_chunks: 1.
 - use_allocation_guard: 0.


Internal statistics:

num_allocs_failed_limit: 6.
num_arena_births: 696.
num_arena_deaths: 0.
num_vsnodes_births: 2.
num_vsnodes_deaths: 0.
num_space_committed: 781.
num_space_uncommitted: 0.
num_chunks_returned_to_freelist: 6.
num_chunks_taken_from_freelist: 2413.
num_chunk_merges: 6.
num_chunk_splits: 1791.
num_chunks_enlarged: 1438.
num_inconsistent_stats: 0.

CodeHeap 'non-profiled nmethods': size=120000Kb used=2554Kb max_used=2554Kb free=117445Kb
 bounds [0x0000016a87ad0000, 0x0000016a87d50000, 0x0000016a8f000000]
CodeHeap 'profiled nmethods': size=120000Kb used=9492Kb max_used=9492Kb free=110507Kb
 bounds [0x0000016a805a0000, 0x0000016a80ef0000, 0x0000016a87ad0000]
CodeHeap 'non-nmethods': size=5760Kb used=1303Kb max_used=1321Kb free=4456Kb
 bounds [0x0000016a80000000, 0x0000016a80270000, 0x0000016a805a0000]
 total_blobs=5150 nmethods=4549 adapters=513
 compilation: enabled
              stopped_count=0, restarted_count=0
 full_count=0

Compilation events (20 events):
Event: 27.426 Thread 0x0000016afc7042e0 4553       3       net.bytebuddy.description.method.MethodDescription$AbstractBase::isMethod (20 bytes)
Event: 27.426 Thread 0x0000016afc7042e0 nmethod 4553 0x0000016a80edeb10 code [0x0000016a80edecc0, 0x0000016a80edeff8]
Event: 27.426 Thread 0x0000016afc7042e0 4554       3       net.bytebuddy.description.type.TypeDescription$Generic$OfNonGenericType::accept (8 bytes)
Event: 27.427 Thread 0x0000016afc7042e0 nmethod 4554 0x0000016a80edf090 code [0x0000016a80edf240, 0x0000016a80edf428]
Event: 27.427 Thread 0x0000016afc7042e0 4555       3       net.bytebuddy.description.type.TypeDefinition$Sort::describe (127 bytes)
Event: 27.430 Thread 0x0000016afc7042e0 nmethod 4555 0x0000016a80edf510 code [0x0000016a80edf8a0, 0x0000016a80ee1498]
Event: 27.430 Thread 0x0000016afc7042e0 4556       3       java.lang.invoke.LambdaForm$MH/0x00000008012a8000::invoke (60 bytes)
Event: 27.431 Thread 0x0000016afc7042e0 nmethod 4556 0x0000016a80ee1a90 code [0x0000016a80ee1d00, 0x0000016a80ee2848]
Event: 27.432 Thread 0x0000016afc7042e0 4557       3       net.bytebuddy.description.type.TypeList$Explicit::get (6 bytes)
Event: 27.433 Thread 0x0000016afc7042e0 nmethod 4557 0x0000016a80ee2b90 code [0x0000016a80ee2d40, 0x0000016a80ee3088]
Event: 27.433 Thread 0x0000016afc7042e0 4558       3       net.bytebuddy.description.type.TypeList$Explicit::get (14 bytes)
Event: 27.434 Thread 0x0000016afc7042e0 nmethod 4558 0x0000016a80ee3190 code [0x0000016a80ee3340, 0x0000016a80ee3628]
Event: 27.505 Thread 0x0000016afc7042e0 4559       3       net.bytebuddy.description.method.ParameterList$TypeSubstituting::size (10 bytes)
Event: 27.505 Thread 0x0000016afc7042e0 nmethod 4559 0x0000016a80ee3710 code [0x0000016a80ee38c0, 0x0000016a80ee3a88]
Event: 27.507 Thread 0x0000016afc7042e0 4560       3       net.bytebuddy.description.method.MethodDescription$AbstractBase::asTypeToken (31 bytes)
Event: 27.508 Thread 0x0000016afc7042e0 nmethod 4560 0x0000016a80ee3b90 code [0x0000016a80ee3da0, 0x0000016a80ee44a8]
Event: 27.508 Thread 0x0000016afc7042e0 4561       3       net.bytebuddy.description.method.MethodDescription$TypeToken::<init> (15 bytes)
Event: 27.508 Thread 0x0000016afc7042e0 nmethod 4561 0x0000016a80ee4710 code [0x0000016a80ee48c0, 0x0000016a80ee4ad8]
Event: 27.508 Thread 0x0000016afc7042e0 4562       3       net.bytebuddy.description.type.TypeDescription$Generic$LazyProjection::accept (11 bytes)
Event: 27.508 Thread 0x0000016afc7042e0 nmethod 4562 0x0000016a80ee4b90 code [0x0000016a80ee4d40, 0x0000016a80ee4fd8]

GC Heap History (16 events):
Event: 1.658 GC heap before
{Heap before GC invocations=0 (full 0):
 garbage-first heap   total 126976K, used 23552K [0x0000000084c00000, 0x0000000100000000)
  region size 1024K, 23 young (23552K), 0 survivors (0K)
 Metaspace       used 6466K, committed 6656K, reserved 1114112K
  class space    used 728K, committed 832K, reserved 1048576K
}
Event: 1.675 GC heap after
{Heap after GC invocations=1 (full 0):
 garbage-first heap   total 126976K, used 7424K [0x0000000084c00000, 0x0000000100000000)
  region size 1024K, 3 young (3072K), 3 survivors (3072K)
 Metaspace       used 6466K, committed 6656K, reserved 1114112K
  class space    used 728K, committed 832K, reserved 1048576K
}
Event: 2.729 GC heap before
{Heap before GC invocations=1 (full 0):
 garbage-first heap   total 126976K, used 33024K [0x0000000084c00000, 0x0000000100000000)
  region size 1024K, 28 young (28672K), 3 survivors (3072K)
 Metaspace       used 12557K, committed 12800K, reserved 1114112K
  class space    used 1637K, committed 1728K, reserved 1048576K
}
Event: 2.742 GC heap after
{Heap after GC invocations=2 (full 0):
 garbage-first heap   total 126976K, used 9821K [0x0000000084c00000, 0x0000000100000000)
  region size 1024K, 2 young (2048K), 2 survivors (2048K)
 Metaspace       used 12557K, committed 12800K, reserved 1114112K
  class space    used 1637K, committed 1728K, reserved 1048576K
}
Event: 4.746 GC heap before
{Heap before GC invocations=2 (full 0):
 garbage-first heap   total 126976K, used 56925K [0x0000000084c00000, 0x0000000100000000)
  region size 1024K, 50 young (51200K), 2 survivors (2048K)
 Metaspace       used 21287K, committed 21504K, reserved 1114112K
  class space    used 2638K, committed 2752K, reserved 1048576K
}
Event: 4.768 GC heap after
{Heap after GC invocations=3 (full 0):
 garbage-first heap   total 126976K, used 13866K [0x0000000084c00000, 0x0000000100000000)
  region size 1024K, 6 young (6144K), 6 survivors (6144K)
 Metaspace       used 21287K, committed 21504K, reserved 1114112K
  class space    used 2638K, committed 2752K, reserved 1048576K
}
Event: 6.013 GC heap before
{Heap before GC invocations=4 (full 0):
 garbage-first heap   total 51200K, used 38442K [0x0000000084c00000, 0x0000000100000000)
  region size 1024K, 30 young (30720K), 6 survivors (6144K)
 Metaspace       used 25231K, committed 25600K, reserved 1114112K
  class space    used 3192K, committed 3392K, reserved 1048576K
}
Event: 6.033 GC heap after
{Heap after GC invocations=5 (full 0):
 garbage-first heap   total 51200K, used 15926K [0x0000000084c00000, 0x0000000100000000)
  region size 1024K, 3 young (3072K), 3 survivors (3072K)
 Metaspace       used 25231K, committed 25600K, reserved 1114112K
  class space    used 3192K, committed 3392K, reserved 1048576K
}
Event: 7.117 GC heap before
{Heap before GC invocations=5 (full 0):
 garbage-first heap   total 51200K, used 35382K [0x0000000084c00000, 0x0000000100000000)
  region size 1024K, 22 young (22528K), 3 survivors (3072K)
 Metaspace       used 29547K, committed 30016K, reserved 1114112K
  class space    used 3767K, committed 3968K, reserved 1048576K
}
Event: 7.135 GC heap after
{Heap after GC invocations=6 (full 0):
 garbage-first heap   total 51200K, used 18104K [0x0000000084c00000, 0x0000000100000000)
  region size 1024K, 3 young (3072K), 3 survivors (3072K)
 Metaspace       used 29547K, committed 30016K, reserved 1114112K
  class space    used 3767K, committed 3968K, reserved 1048576K
}
Event: 8.076 GC heap before
{Heap before GC invocations=6 (full 0):
 garbage-first heap   total 51200K, used 35512K [0x0000000084c00000, 0x0000000100000000)
  region size 1024K, 21 young (21504K), 3 survivors (3072K)
 Metaspace       used 32883K, committed 33472K, reserved 1114112K
  class space    used 4219K, committed 4480K, reserved 1048576K
}
Event: 8.089 GC heap after
{Heap after GC invocations=7 (full 0):
 garbage-first heap   total 51200K, used 19511K [0x0000000084c00000, 0x0000000100000000)
  region size 1024K, 2 young (2048K), 2 survivors (2048K)
 Metaspace       used 32883K, committed 33472K, reserved 1114112K
  class space    used 4219K, committed 4480K, reserved 1048576K
}
Event: 8.797 GC heap before
{Heap before GC invocations=7 (full 0):
 garbage-first heap   total 51200K, used 28727K [0x0000000084c00000, 0x0000000100000000)
  region size 1024K, 12 young (12288K), 2 survivors (2048K)
 Metaspace       used 35508K, committed 35968K, reserved 1114112K
  class space    used 4621K, committed 4864K, reserved 1048576K
}
Event: 8.807 GC heap after
{Heap after GC invocations=8 (full 0):
 garbage-first heap   total 61440K, used 19745K [0x0000000084c00000, 0x0000000100000000)
  region size 1024K, 2 young (2048K), 2 survivors (2048K)
 Metaspace       used 35508K, committed 35968K, reserved 1114112K
  class space    used 4621K, committed 4864K, reserved 1048576K
}
Event: 12.668 GC heap before
{Heap before GC invocations=9 (full 0):
 garbage-first heap   total 61440K, used 46369K [0x0000000084c00000, 0x0000000100000000)
  region size 1024K, 28 young (28672K), 2 survivors (2048K)
 Metaspace       used 42492K, committed 43008K, reserved 1114112K
  class space    used 5568K, committed 5824K, reserved 1048576K
}
Event: 12.681 GC heap after
{Heap after GC invocations=10 (full 0):
 garbage-first heap   total 61440K, used 22191K [0x0000000084c00000, 0x0000000100000000)
  region size 1024K, 4 young (4096K), 4 survivors (4096K)
 Metaspace       used 42492K, committed 43008K, reserved 1114112K
  class space    used 5568K, committed 5824K, reserved 1048576K
}

Deoptimization events (20 events):
Event: 10.769 Thread 0x0000016afd8783b0 DEOPT PACKING pc=0x0000016a87ba0548 sp=0x0000001df6bfed10
Event: 10.770 Thread 0x0000016afd8783b0 DEOPT UNPACKING pc=0x0000016a80055c23 sp=0x0000001df6bfec88 mode 2
Event: 11.129 Thread 0x0000016aed910540 Uncommon trap: trap_request=0xffffffde fr.pc=0x0000016a87c810b0 relative=0x0000000000000d90
Event: 11.129 Thread 0x0000016aed910540 Uncommon trap: reason=class_check action=maybe_recompile pc=0x0000016a87c810b0 method=java.util.concurrent.ConcurrentHashMap.putVal(Ljava/lang/Object;Ljava/lang/Object;Z)Ljava/lang/Object; @ 159 c2
Event: 11.129 Thread 0x0000016aed910540 DEOPT PACKING pc=0x0000016a87c810b0 sp=0x0000001df4cfa8f0
Event: 11.129 Thread 0x0000016aed910540 DEOPT UNPACKING pc=0x0000016a80055c23 sp=0x0000001df4cfa870 mode 2
Event: 13.839 Thread 0x0000016aed910540 DEOPT PACKING pc=0x0000016a807adba3 sp=0x0000001df4cf9360
Event: 13.839 Thread 0x0000016aed910540 DEOPT UNPACKING pc=0x0000016a80056763 sp=0x0000001df4cf87d0 mode 0
Event: 14.003 Thread 0x0000016aed910540 Uncommon trap: trap_request=0xffffff45 fr.pc=0x0000016a87b93748 relative=0x0000000000000048
Event: 14.004 Thread 0x0000016aed910540 Uncommon trap: reason=unstable_if action=reinterpret pc=0x0000016a87b93748 method=java.lang.StringConcatHelper.stringOf(Ljava/lang/Object;)Ljava/lang/String; @ 1 c2
Event: 14.004 Thread 0x0000016aed910540 DEOPT PACKING pc=0x0000016a87b93748 sp=0x0000001df4cfa8e0
Event: 14.004 Thread 0x0000016aed910540 DEOPT UNPACKING pc=0x0000016a80055c23 sp=0x0000001df4cfa870 mode 2
Event: 14.113 Thread 0x0000016aed910540 Uncommon trap: trap_request=0xffffff45 fr.pc=0x0000016a87bb6f24 relative=0x00000000000000a4
Event: 14.113 Thread 0x0000016aed910540 Uncommon trap: reason=unstable_if action=reinterpret pc=0x0000016a87bb6f24 method=java.lang.Integer.stringSize(I)I @ 3 c2
Event: 14.113 Thread 0x0000016aed910540 DEOPT PACKING pc=0x0000016a87bb6f24 sp=0x0000001df4cfa240
Event: 14.113 Thread 0x0000016aed910540 DEOPT UNPACKING pc=0x0000016a80055c23 sp=0x0000001df4cfa1c8 mode 2
Event: 14.113 Thread 0x0000016aed910540 Uncommon trap: trap_request=0xffffff45 fr.pc=0x0000016a87bb7bdc relative=0x000000000000023c
Event: 14.113 Thread 0x0000016aed910540 Uncommon trap: reason=unstable_if action=reinterpret pc=0x0000016a87bb7bdc method=java.lang.Integer.getChars(II[B)I @ 4 c2
Event: 14.113 Thread 0x0000016aed910540 DEOPT PACKING pc=0x0000016a87bb7bdc sp=0x0000001df4cfa220
Event: 14.113 Thread 0x0000016aed910540 DEOPT UNPACKING pc=0x0000016a80055c23 sp=0x0000001df4cfa1b0 mode 2

Classes loaded (20 events):
Event: 12.992 Loading class java/math/MutableBigInteger
Event: 12.995 Loading class java/math/MutableBigInteger done
Event: 13.264 Loading class javax/naming/RefAddr
Event: 13.265 Loading class javax/naming/RefAddr done
Event: 13.265 Loading class javax/naming/StringRefAddr
Event: 13.265 Loading class javax/naming/StringRefAddr done
Event: 13.676 Loading class java/util/concurrent/CompletionStage
Event: 13.678 Loading class java/util/concurrent/CompletionStage done
Event: 13.682 Loading class java/util/concurrent/CompletableFuture
Event: 13.687 Loading class java/util/concurrent/CompletableFuture done
Event: 13.688 Loading class java/util/concurrent/CompletableFuture$AltResult
Event: 13.697 Loading class java/util/concurrent/CompletableFuture$AltResult done
Event: 13.712 Loading class java/util/concurrent/CompletableFuture$Completion
Event: 13.713 Loading class java/util/concurrent/CompletableFuture$AsynchronousCompletionTask
Event: 13.714 Loading class java/util/concurrent/CompletableFuture$AsynchronousCompletionTask done
Event: 13.714 Loading class java/util/concurrent/CompletableFuture$Completion done
Event: 14.045 Loading class java/util/concurrent/CancellationException
Event: 14.046 Loading class java/util/concurrent/CancellationException done
Event: 24.711 Loading class java/util/ArrayList$ListItr
Event: 24.717 Loading class java/util/ArrayList$ListItr done

Classes unloaded (0 events):
No events

Classes redefined (0 events):
No events

Internal exceptions (20 events):
Event: 6.812 Thread 0x0000016aed910540 Exception <a 'java/lang/NoSuchMethodError'{0x0000000086f5cae0}: 'java.lang.Object java.lang.invoke.DirectMethodHandle$Holder.invokeStaticInit(java.lang.Object, java.lang.Object, int, int, int, int)'> (0x0000000086f5cae0) 
thrown [s\open\src\hotspot\share\interpreter\linkResolver.cpp, line 766]
Event: 6.934 Thread 0x0000016aed910540 Exception <a 'java/lang/NoSuchMethodError'{0x0000000086dbca20}: 'int java.lang.invoke.DirectMethodHandle$Holder.invokeVirtual(java.lang.Object, java.lang.Object, java.lang.Object, java.lang.Object)'> (0x0000000086dbca20) 
thrown [s\open\src\hotspot\share\interpreter\linkResolver.cpp, line 766]
Event: 6.935 Thread 0x0000016aed910540 Exception <a 'java/lang/NoSuchMethodError'{0x0000000086dc0538}: 'int java.lang.invoke.DelegatingMethodHandle$Holder.reinvoke_L(java.lang.Object, java.lang.Object, java.lang.Object, java.lang.Object)'> (0x0000000086dc0538) 
thrown [s\open\src\hotspot\share\interpreter\linkResolver.cpp, line 766]
Event: 7.140 Thread 0x0000016aed910540 Exception <a 'java/lang/NoSuchMethodError'{0x000000008c71c4e0}: 'java.lang.Object java.lang.invoke.DirectMethodHandle$Holder.invokeSpecial(java.lang.Object, java.lang.Object, long, java.lang.Object, java.lang.Object, java.lang.Object, java.lang.Object, java.lang.Object, java.lang.Object)'> (0x000000008c71c4e0) 
thrown [s\open\src\hotspot\share\interpreter\linkResolver.cpp, line 766]
Event: 7.141 Thread 0x0000016aed910540 Exception <a 'java/lang/NoSuchMethodError'{0x000000008c721010}: 'java.lang.Object java.lang.invoke.DelegatingMethodHandle$Holder.reinvoke_L(java.lang.Object, long, java.lang.Object, java.lang.Object, java.lang.Object, java.lang.Object, java.lang.Object, java.lang.Object)'> (0x000000008c721010) 
thrown [s\open\src\hotspot\share\interpreter\linkResolver.cpp, line 766]
Event: 7.249 Thread 0x0000016aed910540 Exception <a 'java/io/FileNotFoundException'{0x00000000895770d8}> (0x00000000895770d8) 
thrown [s\open\src\hotspot\share\prims\jni.cpp, line 516]
Event: 7.325 Thread 0x0000016aed910540 Exception <a 'java/lang/NoSuchMethodError'{0x000000008931bc50}: 'int java.lang.invoke.DirectMethodHandle$Holder.invokeInterface(java.lang.Object, java.lang.Object, java.lang.Object, java.lang.Object)'> (0x000000008931bc50) 
thrown [s\open\src\hotspot\share\interpreter\linkResolver.cpp, line 766]
Event: 7.387 Thread 0x0000016aed910540 Exception <a 'java/lang/NoSuchMethodError'{0x0000000089211e40}: 'void java.lang.invoke.Invokers$Holder.invokeExact_MT(java.lang.Object, java.lang.Object, java.lang.Object, java.lang.Object)'> (0x0000000089211e40) 
thrown [s\open\src\hotspot\share\interpreter\linkResolver.cpp, line 766]
Event: 7.574 Thread 0x0000016aed910540 Exception <a 'java/lang/NoSuchMethodError'{0x00000000875e63c0}: 'java.lang.Object java.lang.invoke.DirectMethodHandle$Holder.newInvokeSpecial(java.lang.Object, java.lang.Object, java.lang.Object, java.lang.Object, java.lang.Object, java.lang.Object, java.lang.Object, java.lang.Object, java.lang.Object, java.lang.Object, java.lang.Object)'> (0x00000000875e63c0) 
thrown [s\open\src\hotspot\share\interpreter\linkResolver.cpp, line 766]
Event: 7.575 Thread 0x0000016aed910540 Exception <a 'java/lang/NoSuchMethodError'{0x00000000875ebde0}: 'java.lang.Object java.lang.invoke.DirectMethodHandle$Holder.invokeSpecial(java.lang.Object, java.lang.Object, java.lang.Object, java.lang.Object, java.lang.Object, java.lang.Object, java.lang.Object, java.lang.Object, java.lang.Object, java.lang.Object, java.lang.Object, java.lang.Object)'> (0x00000000875ebde0) 
thrown [s\open\src\hotspot\share\interpreter\linkResolver.cpp, line 766]
Event: 7.655 Thread 0x0000016aed910540 Exception <a 'sun/nio/fs/WindowsException'{0x0000000087347c68}> (0x0000000087347c68) 
thrown [s\open\src\hotspot\share\prims\jni.cpp, line 516]
Event: 7.765 Thread 0x0000016aed910540 Exception <a 'java/lang/NoSuchMethodError'{0x000000008713f1f0}: 'void java.lang.invoke.DelegatingMethodHandle$Holder.reinvoke_L(java.lang.Object, java.lang.Object, java.lang.Object, java.lang.Object, int, java.lang.Object, java.lang.Object, java.lang.Object)'> (0x000000008713f1f0) 
thrown [s\open\src\hotspot\share\interpreter\linkResolver.cpp, line 766]
Event: 9.263 Thread 0x0000016aed910540 Exception <a 'java/lang/NoSuchMethodError'{0x000000008925ee08}: 'int java.lang.invoke.DirectMethodHandle$Holder.invokeStatic(java.lang.Object)'> (0x000000008925ee08) 
thrown [s\open\src\hotspot\share\interpreter\linkResolver.cpp, line 766]
Event: 10.586 Thread 0x0000016aed910540 Implicit null exception at 0x0000016a87b05fd2 to 0x0000016a87b06538
Event: 10.586 Thread 0x0000016aed910540 Implicit null exception at 0x0000016a87b079d2 to 0x0000016a87b07f28
Event: 10.832 Thread 0x0000016aed910540 Exception <a 'java/lang/NoSuchMethodError'{0x00000000879caf38}: 'java.lang.Object java.lang.invoke.DirectMethodHandle$Holder.invokeStaticInit(java.lang.Object, java.lang.Object, java.lang.Object, java.lang.Object)'> (0x00000000879caf38) 
thrown [s\open\src\hotspot\share\interpreter\linkResolver.cpp, line 766]
Event: 10.876 Thread 0x0000016aed910540 Exception <a 'java/lang/NoSuchMethodError'{0x0000000087857f18}: 'int java.lang.invoke.Invokers$Holder.invokeExact_MT(java.lang.Object, java.lang.Object)'> (0x0000000087857f18) 
thrown [s\open\src\hotspot\share\interpreter\linkResolver.cpp, line 766]
Event: 14.083 Thread 0x0000016aed910540 Exception <a 'java/lang/IncompatibleClassChangeError'{0x0000000088026c58}: Found class java.lang.Object, but interface was expected> (0x0000000088026c58) 
thrown [s\open\src\hotspot\share\interpreter\linkResolver.cpp, line 833]
Event: 14.155 Thread 0x0000016aed910540 Exception <a 'java/lang/NoSuchMethodError'{0x00000000880d4dc8}: 'java.lang.Object java.lang.invoke.DirectMethodHandle$Holder.invokeStatic(java.lang.Object, java.lang.Object, int, java.lang.Object)'> (0x00000000880d4dc8) 
thrown [s\open\src\hotspot\share\interpreter\linkResolver.cpp, line 766]
Event: 14.156 Thread 0x0000016aed910540 Exception <a 'java/lang/NoSuchMethodError'{0x00000000880d9050}: 'java.lang.Object java.lang.invoke.DirectMethodHandle$Holder.invokeStaticInit(java.lang.Object, java.lang.Object, int, java.lang.Object)'> (0x00000000880d9050) 
thrown [s\open\src\hotspot\share\interpreter\linkResolver.cpp, line 766]

VM Operations (20 events):
Event: 8.877 Executing VM operation: G1Concurrent done
Event: 9.879 Executing VM operation: Cleanup
Event: 9.880 Executing VM operation: Cleanup done
Event: 10.396 Executing VM operation: HandshakeAllThreads
Event: 10.396 Executing VM operation: HandshakeAllThreads done
Event: 11.398 Executing VM operation: Cleanup
Event: 11.419 Executing VM operation: Cleanup done
Event: 12.668 Executing VM operation: G1CollectForAllocation
Event: 12.682 Executing VM operation: G1CollectForAllocation done
Event: 14.682 Executing VM operation: Cleanup
Event: 14.685 Executing VM operation: Cleanup done
Event: 21.688 Executing VM operation: Cleanup
Event: 21.688 Executing VM operation: Cleanup done
Event: 23.688 Executing VM operation: Cleanup
Event: 23.955 Executing VM operation: Cleanup done
Event: 24.860 Executing VM operation: HandshakeAllThreads
Event: 24.861 Executing VM operation: HandshakeAllThreads done
Event: 25.860 Executing VM operation: Cleanup
Event: 25.861 Executing VM operation: Cleanup done
Event: 27.861 Executing VM operation: Cleanup

Events (20 events):
Event: 0.410 Thread 0x0000016afc705c30 Thread added: 0x0000016afc705c30
Event: 0.540 Loaded shared library C:\Program Files\JetBrains\IntelliJ IDEA Educational Edition 2022.1\bin\breakgen64.dll
Event: 0.541 Thread 0x0000016afcdab350 Thread added: 0x0000016afcdab350
Event: 0.541 Thread 0x0000016afcdab810 Thread added: 0x0000016afcdab810
Event: 0.631 Loaded shared library C:\jdk-18.0.1.1\bin\jimage.dll
Event: 1.642 Thread 0x0000016afc705c30 Thread exited: 0x0000016afc705c30
Event: 2.158 Thread 0x0000016afd9fd7e0 Thread added: 0x0000016afd9fd7e0
Event: 2.617 Thread 0x0000016afc707070 Thread added: 0x0000016afc707070
Event: 3.578 Thread 0x0000016afd8783b0 Thread added: 0x0000016afd8783b0
Event: 3.663 Thread 0x0000016afd8783b0 Thread exited: 0x0000016afd8783b0
Event: 3.971 Loaded shared library C:\jdk-18.0.1.1\bin\sunmscapi.dll
Event: 4.033 Thread 0x0000016afd9fd7e0 Thread exited: 0x0000016afd9fd7e0
Event: 7.212 Loaded shared library C:\jdk-18.0.1.1\bin\management.dll
Event: 7.217 Loaded shared library C:\jdk-18.0.1.1\bin\management_ext.dll
Event: 7.494 Thread 0x0000016afd877540 Thread added: 0x0000016afd877540
Event: 8.426 Loaded shared library C:\jdk-18.0.1.1\bin\verify.dll
Event: 9.187 Thread 0x0000016afc707070 Thread exited: 0x0000016afc707070
Event: 10.630 Thread 0x0000016afd877a10 Thread added: 0x0000016afd877a10
Event: 10.743 Thread 0x0000016afd8783b0 Thread added: 0x0000016afd8783b0
Event: 17.484 Thread 0x0000016afd8783b0 Thread exited: 0x0000016afd8783b0


Dynamic libraries:
0x00007ff6e0b40000 - 0x00007ff6e0b4e000 	C:\jdk-18.0.1.1\bin\java.exe
0x00007fff344a0000 - 0x00007fff34708000 	C:\WINDOWS\SYSTEM32\ntdll.dll
0x00007fff32240000 - 0x00007fff32309000 	C:\WINDOWS\System32\KERNEL32.DLL
0x00007fff31b90000 - 0x00007fff31f7d000 	C:\WINDOWS\System32\KERNELBASE.dll
0x00007fff31730000 - 0x00007fff3187b000 	C:\WINDOWS\System32\ucrtbase.dll
0x00007fff2d410000 - 0x00007fff2d42a000 	C:\jdk-18.0.1.1\bin\VCRUNTIME140.dll
0x00007fff2ded0000 - 0x00007fff2dee7000 	C:\jdk-18.0.1.1\bin\jli.dll
0x00007fff32a40000 - 0x00007fff32c0c000 	C:\WINDOWS\System32\USER32.dll
0x00007fff31b60000 - 0x00007fff31b87000 	C:\WINDOWS\System32\win32u.dll
0x00007fff33bb0000 - 0x00007fff33bdb000 	C:\WINDOWS\System32\GDI32.dll
0x00007fff0da80000 - 0x00007fff0dd1a000 	C:\WINDOWS\WinSxS\amd64_microsoft.windows.common-controls_6595b64144ccf1df_6.0.26100.4484_none_3e0e6d4ce32ef3b3\COMCTL32.dll
0x00007fff315f0000 - 0x00007fff31727000 	C:\WINDOWS\System32\gdi32full.dll
0x00007fff33d00000 - 0x00007fff33da9000 	C:\WINDOWS\System32\msvcrt.dll
0x00007fff31f80000 - 0x00007fff32023000 	C:\WINDOWS\System32\msvcp_win.dll
0x00007fff33e70000 - 0x00007fff33e9f000 	C:\WINDOWS\System32\IMM32.DLL
0x00007fff2dec0000 - 0x00007fff2decc000 	C:\jdk-18.0.1.1\bin\vcruntime140_1.dll
0x00007fff1a3a0000 - 0x00007fff1a42d000 	C:\jdk-18.0.1.1\bin\msvcp140.dll
0x00007ffe91420000 - 0x00007ffe92030000 	C:\jdk-18.0.1.1\bin\server\jvm.dll
0x00007fff331c0000 - 0x00007fff33274000 	C:\WINDOWS\System32\ADVAPI32.dll
0x00007fff33dc0000 - 0x00007fff33e66000 	C:\WINDOWS\System32\sechost.dll
0x00007fff32390000 - 0x00007fff324a8000 	C:\WINDOWS\System32\RPCRT4.dll
0x00007fff33db0000 - 0x00007fff33db8000 	C:\WINDOWS\System32\PSAPI.DLL
0x00007fff15c90000 - 0x00007fff15c9a000 	C:\WINDOWS\SYSTEM32\WSOCK32.dll
0x00007fff33c10000 - 0x00007fff33c84000 	C:\WINDOWS\System32\WS2_32.dll
0x00007fff18680000 - 0x00007fff186b5000 	C:\WINDOWS\SYSTEM32\WINMM.dll
0x00007fff26730000 - 0x00007fff2673b000 	C:\WINDOWS\SYSTEM32\VERSION.dll
0x00007fff30390000 - 0x00007fff303ab000 	C:\WINDOWS\SYSTEM32\kernel.appcore.dll
0x00007fff2d4c0000 - 0x00007fff2d4ca000 	C:\jdk-18.0.1.1\bin\jimage.dll
0x00007fff2ec80000 - 0x00007fff2eec1000 	C:\WINDOWS\SYSTEM32\DBGHELP.DLL
0x00007fff32c10000 - 0x00007fff32f96000 	C:\WINDOWS\System32\combase.dll
0x00007fff32540000 - 0x00007fff32620000 	C:\WINDOWS\System32\OLEAUT32.dll
0x00007fff14ff0000 - 0x00007fff15033000 	C:\WINDOWS\SYSTEM32\dbgcore.DLL
0x00007fff31ac0000 - 0x00007fff31b59000 	C:\WINDOWS\System32\bcryptPrimitives.dll
0x00007fff2a5d0000 - 0x00007fff2a5de000 	C:\jdk-18.0.1.1\bin\instrument.dll
0x00007fff1b670000 - 0x00007fff1b695000 	C:\jdk-18.0.1.1\bin\java.dll
0x00007ffef8750000 - 0x00007ffef8826000 	C:\jdk-18.0.1.1\bin\jsvml.dll
0x00007fff33460000 - 0x00007fff33baa000 	C:\WINDOWS\System32\SHELL32.dll
0x00007fff320c0000 - 0x00007fff32234000 	C:\WINDOWS\System32\wintypes.dll
0x00007fff2f200000 - 0x00007fff2fa5b000 	C:\WINDOWS\SYSTEM32\windows.storage.dll
0x00007fff33eb0000 - 0x00007fff33fa5000 	C:\WINDOWS\System32\SHCORE.dll
0x00007fff32fa0000 - 0x00007fff3300a000 	C:\WINDOWS\System32\shlwapi.dll
0x00007fff31500000 - 0x00007fff3152f000 	C:\WINDOWS\SYSTEM32\profapi.dll
0x00007fff1a380000 - 0x00007fff1a398000 	C:\jdk-18.0.1.1\bin\zip.dll
0x00007fff2a5a0000 - 0x00007fff2a5b3000 	C:\jdk-18.0.1.1\bin\net.dll
0x00007fff2a860000 - 0x00007fff2a97e000 	C:\WINDOWS\SYSTEM32\WINHTTP.dll
0x00007fff30920000 - 0x00007fff3098a000 	C:\WINDOWS\system32\mswsock.dll
0x00007fff1b840000 - 0x00007fff1b856000 	C:\jdk-18.0.1.1\bin\nio.dll
0x00007fff1a360000 - 0x00007fff1a37a000 	C:\Program Files\JetBrains\IntelliJ IDEA Educational Edition 2022.1\bin\breakgen64.dll
0x00007fff1b660000 - 0x00007fff1b66e000 	C:\jdk-18.0.1.1\bin\sunmscapi.dll
0x00007fff31940000 - 0x00007fff31ab7000 	C:\WINDOWS\System32\CRYPT32.dll
0x00007fff30e80000 - 0x00007fff30eb0000 	C:\WINDOWS\SYSTEM32\ncrypt.dll
0x00007fff30e30000 - 0x00007fff30e6f000 	C:\WINDOWS\SYSTEM32\NTASN1.dll
0x00007fff30bd0000 - 0x00007fff30beb000 	C:\WINDOWS\SYSTEM32\CRYPTSP.dll
0x00007fff302f0000 - 0x00007fff3032b000 	C:\WINDOWS\system32\rsaenh.dll
0x00007fff309c0000 - 0x00007fff309eb000 	C:\WINDOWS\SYSTEM32\USERENV.dll
0x00007fff314d0000 - 0x00007fff314f6000 	C:\WINDOWS\SYSTEM32\bcrypt.dll
0x00007fff30bf0000 - 0x00007fff30bfc000 	C:\WINDOWS\SYSTEM32\CRYPTBASE.dll
0x00007fff2fdc0000 - 0x00007fff2fdf3000 	C:\WINDOWS\SYSTEM32\IPHLPAPI.DLL
0x00007fff33c90000 - 0x00007fff33c9a000 	C:\WINDOWS\System32\NSI.dll
0x00007fff2a9c0000 - 0x00007fff2a9df000 	C:\WINDOWS\SYSTEM32\dhcpcsvc6.DLL
0x00007fff2a990000 - 0x00007fff2a9b5000 	C:\WINDOWS\SYSTEM32\dhcpcsvc.DLL
0x00007fff2fe60000 - 0x00007fff2ff86000 	C:\WINDOWS\SYSTEM32\DNSAPI.dll
0x00007fff1b8a0000 - 0x00007fff1b8a9000 	C:\jdk-18.0.1.1\bin\management.dll
0x00007fff1b870000 - 0x00007fff1b87b000 	C:\jdk-18.0.1.1\bin\management_ext.dll
0x00007fff1ba90000 - 0x00007fff1baa0000 	C:\jdk-18.0.1.1\bin\verify.dll
0x00007fff26740000 - 0x00007fff2674b000 	C:\Windows\System32\rasadhlp.dll
0x00007fff2ab40000 - 0x00007fff2abc6000 	C:\WINDOWS\System32\fwpuclnt.dll

dbghelp: loaded successfully - version: 4.0.5 - missing functions: none
symbol engine: initialized successfully - sym options: 0x614 - pdb path: .;C:\jdk-18.0.1.1\bin;C:\WINDOWS\SYSTEM32;C:\WINDOWS\WinSxS\amd64_microsoft.windows.common-controls_6595b64144ccf1df_6.0.26100.4484_none_3e0e6d4ce32ef3b3;C:\jdk-18.0.1.1\bin\server;C:\Program Files\JetBrains\IntelliJ IDEA Educational Edition 2022.1\bin

VM Arguments:
jvm_args: -javaagent:C:\Program Files\JetBrains\IntelliJ IDEA Educational Edition 2022.1\lib\idea_rt.jar=58862:C:\Program Files\JetBrains\IntelliJ IDEA Educational Edition 2022.1\bin -Dfile.encoding=UTF-8 
java_command: com.hotelManagement.Main
java_class_path (initial): C:\Users\Desti\IdeaProjects\hotelManagementBackend2\target\classes;C:\Users\Desti\.m2\repository\org\springframework\boot\spring-boot-starter-web\3.2.0\spring-boot-starter-web-3.2.0.jar;C:\Users\Desti\.m2\repository\org\springframework\boot\spring-boot-starter\3.2.0\spring-boot-starter-3.2.0.jar;C:\Users\Desti\.m2\repository\org\springframework\boot\spring-boot\3.2.0\spring-boot-3.2.0.jar;C:\Users\Desti\.m2\repository\org\springframework\boot\spring-boot-autoconfigure\3.2.0\spring-boot-autoconfigure-3.2.0.jar;C:\Users\Desti\.m2\repository\org\springframework\boot\spring-boot-starter-logging\3.2.0\spring-boot-starter-logging-3.2.0.jar;C:\Users\Desti\.m2\repository\ch\qos\logback\logback-classic\1.4.11\logback-classic-1.4.11.jar;C:\Users\Desti\.m2\repository\ch\qos\logback\logback-core\1.4.11\logback-core-1.4.11.jar;C:\Users\Desti\.m2\repository\org\apache\logging\log4j\log4j-to-slf4j\2.21.1\log4j-to-slf4j-2.21.1.jar;C:\Users\Desti\.m2\repository\org\apache\logging\log4j\log4j-api\2.21.1\log4j-api-2.21.1.jar;C:\Users\Desti\.m2\repository\org\slf4j\jul-to-slf4j\2.0.9\jul-to-slf4j-2.0.9.jar;C:\Users\Desti\.m2\repository\jakarta\annotation\jakarta.annotation-api\2.1.1\jakarta.annotation-api-2.1.1.jar;C:\Users\Desti\.m2\repository\org\yaml\snakeyaml\2.2\snakeyaml-2.2.jar;C:\Users\Desti\.m2\repository\org\springframework\boot\spring-boot-starter-json\3.2.0\spring-boot-starter-json-3.2.0.jar;C:\Users\Desti\.m2\repository\com\fasterxml\jackson\datatype\jackson-datatype-jdk8\2.15.3\jackson-datatype-jdk8-2.15.3.jar;C:\Users\Desti\.m2\repository\com\fasterxml\jackson\datatype\jackson-datatype-jsr310\2.15.3\jackson-datatype-jsr310-2.15.3.jar;C:\Users\Desti\.m2\repository\com\fasterxml\jackson\module\jackson-module-parameter-names\2.15.3\jackson-module-parameter-names-2.15.3.jar;C:\Users\Desti\.m2\repository\org\springframework\boot\spring-boot-starter-tomcat\3.2.0\spring-boot-starter-tomcat-3.2.0.jar;C:\Users\Desti\.m2\repository\org\apache\tomcat\embed\tomcat-embed-core\10.1.16\tomcat-embed-core-10.1.16.jar;C:\Users\Desti\.m2\repository\org\apache\tomcat\embed\tomcat-embed-websocket\10.1.16\tomcat-embed-websocket-10.1.16.jar;C:\Users\Desti\.m2\repository\org\springframework\spring-web\6.1.1\spring-web-6.1.1.jar;C:\Users\Desti\.m2\repository\org\springframework\spring-beans\6.1.1\spring-beans-6.1.1.jar;C:\Users\Desti\.m2\repository\io\micrometer\micrometer-observation\1.12.0\micrometer-observation-1.12.0.jar;C:\Users\Desti\.m2\repository\io\micrometer\micrometer-commons\1.12.0\micrometer-commons-1.12.0.jar;C:\Users\Desti\.m2\repository\org\springframework\spring-webmvc\6.1.1\spring-webmvc-6.1.1.jar;C:\Users\Desti\.m2\repository\org\springframework\spring-context\6.1.1\spring-context-6.1.1.jar;C:\Users\Desti\.m2\repository\org\springframework\spring-expression\6.1.1\spring-expression-6.1.1.jar;C:\Users\Desti\.m2\repository\org\springframework\boot\spring-boot-starter-data-jpa\3.2.0\spring-boot-starter-data-jpa-3.2.0.jar;C:\Users\Desti\.m2\repository\org\springframework\boot\spring-boot-starter-aop\3.2.0\spring-boot-starter-aop-3.2.0.jar;C:\Users\Desti\.m2\repository\org\aspectj\aspectjweaver\1.9.20.1\aspectjweaver-1.9.20.1.jar;C:\Users\Desti\.m2\repository\org\springframework\boot\spring-boot-starter-jdbc\3.2.0\spring-boot-starter-jdbc-3.2.0.jar;C:\Users\Desti\.m2\repository\com\zaxxer\HikariCP\5.0.1\HikariCP-5.0.1.jar;C:\Users\Desti\.m2\repository\org\springframework\spring-jdbc\6.1.1\spring-jdbc-6.1.1.jar;C:\Users\Desti\.m2\repository\org\hibernate\orm\hibernate-core\6.3.1.Final\hibernate-core-6.3.1.Final.jar;C:\Users\Desti\.m2\repository\jakarta\persistence\jakarta.persistence-api\3.1.0\jakarta.persistence-api-3.1.0.jar;C:\Users\Desti\.m2\repository\jakarta\transaction\jakarta.transaction-api\2.0.1\jakarta.transaction-api-2.0.1.jar;C:\Users\Desti\.m2\repository\org\jboss\logging\jboss-logging\3.5.3.Final\jboss-logging-3.5.3.Final.jar;C:\Users\Desti\.m2\repository\org\hibernate\common\hibernate-commons-annotations\6.0.6.Final\hibernate-commons-annotations-6.0.6.Final.jar;C:\Users\Desti\.m2\repository\io\smallrye\jandex\3.1.2\jandex-3.1.2.jar;C:\Users\Desti\.m2\repository\com\fasterxml\classmate\1.6.0\classmate-1.6.0.jar;C:\Users\Desti\.m2\repository\org\glassfish\jaxb\jaxb-runtime\4.0.4\jaxb-runtime-4.0.4.jar;C:\Users\Desti\.m2\repository\org\glassfish\jaxb\jaxb-core\4.0.4\jaxb-core-4.0.4.jar;C:\Users\Desti\.m2\repository\org\glassfish\jaxb\txw2\4.0.4\txw2-4.0.4.jar;C:\Users\Desti\.m2\repository\com\sun\istack\istack-commons-runtime\4.1.2\istack-commons-runtime-4.1.2.jar;C:\Users\Desti\.m2\repository\jakarta\inject\jakarta.inject-api\2.0.1\jakarta.inject-api-2.0.1.jar;C:\Users\Desti\.m2\repository\org\antlr\antlr4-runtime\4.10.1\antlr4-runtime-4.10.1.jar;C:\Users\Desti\.m2\repository\org\springframework\data\spring-data-jpa\3.2.0\spring-data-jpa-3.2.0.jar;C:\Users\Desti\.m2\repository\org\springframework\data\spring-data-commons\3.2.0\spring-data-commons-3.2.0.jar;C:\Users\Desti\.m2\repository\org\springframework\spring-orm\6.1.1\spring-orm-6.1.1.jar;C:\Users\Desti\.m2\repository\org\springframework\spring-tx\6.1.1\spring-tx-6.1.1.jar;C:\Users\Desti\.m2\repository\org\slf4j\slf4j-api\2.0.9\slf4j-api-2.0.9.jar;C:\Users\Desti\.m2\repository\org\springframework\spring-aspects\6.1.1\spring-aspects-6.1.1.jar;C:\Users\Desti\.m2\repository\org\springframework\boot\spring-boot-starter-security\3.2.0\spring-boot-starter-security-3.2.0.jar;C:\Users\Desti\.m2\repository\org\springframework\spring-aop\6.1.1\spring-aop-6.1.1.jar;C:\Users\Desti\.m2\repository\org\springframework\security\spring-security-config\6.2.0\spring-security-config-6.2.0.jar;C:\Users\Desti\.m2\repository\org\springframework\security\spring-security-core\6.2.0\spring-security-core-6.2.0.jar;C:\Users\Desti\.m2\repository\org\springframework\security\spring-security-crypto\6.2.0\spring-security-crypto-6.2.0.jar;C:\Users\Desti\.m2\repository\org\springframework\security\spring-security-web\6.2.0\spring-security-web-6.2.0.jar;C:\Users\Desti\.m2\repository\org\springframework\boot\spring-boot-starter-validation\3.2.0\spring-boot-starter-validation-3.2.0.jar;C:\Users\Desti\.m2\repository\org\apache\tomcat\embed\tomcat-embed-el\10.1.16\tomcat-embed-el-10.1.16.jar;C:\Users\Desti\.m2\repository\org\hibernate\validator\hibernate-validator\8.0.1.Final\hibernate-validator-8.0.1.Final.jar;C:\Users\Desti\.m2\repository\jakarta\validation\jakarta.validation-api\3.0.2\jakarta.validation-api-3.0.2.jar;C:\Users\Desti\.m2\repository\org\springframework\boot\spring-boot-starter-mail\3.2.0\spring-boot-starter-mail-3.2.0.jar;C:\Users\Desti\.m2\repository\org\springframework\spring-context-support\6.1.1\spring-context-support-6.1.1.jar;C:\Users\Desti\.m2\repository\org\eclipse\angus\jakarta.mail\2.0.2\jakarta.mail-2.0.2.jar;C:\Users\Desti\.m2\repository\jakarta\activation\jakarta.activation-api\2.1.2\jakarta.activation-api-2.1.2.jar;C:\Users\Desti\.m2\repository\org\eclipse\angus\angus-activation\2.0.1\angus-activation-2.0.1.jar;C:\Users\Desti\.m2\repository\com\mysql\mysql-connector-j\8.0.33\mysql-connector-j-8.0.33.jar;C:\Users\Desti\.m2\repository\io\jsonwebtoken\jjwt-api\0.11.5\jjwt-api-0.11.5.jar;C:\Users\Desti\.m2\repository\io\jsonwebtoken\jjwt-impl\0.11.5\jjwt-impl-0.11.5.jar;C:\Users\Desti\.m2\repository\io\jsonwebtoken\jjwt-jackson\0.11.5\jjwt-jackson-0.11.5.jar;C:\Users\Desti\.m2\repository\com\fasterxml\jackson\core\jackson-databind\2.15.3\jackson-databind-2.15.3.jar;C:\Users\Desti\.m2\repository\com\fasterxml\jackson\core\jackson-annotations\2.15.3\jackson-annotations-2.15.3.jar;C:\Users\Desti\.m2\repository\com\fasterxml\jackson\core\jackson-core\2.15.3\jackson-core-2.15.3.jar;C:\Users\Desti\.m2\repository\jakarta\xml\bind\jakarta.xml.bind-api\4.0.1\jakarta.xml.bind-api-4.0.1.jar;C:\Users\Desti\.m2\repository\org\springframework\spring-core\6.1.1\spring-core-6.1.1.jar;C:\Users\Desti\.m2\repository\org\springframework\spring-jcl\6.1.1\spring-jcl-6.1.1.jar;C:\Users\Desti\.m2\repository\net\bytebuddy\byte-buddy\1.14.10\byte-buddy-1.14.10.jar
Launcher Type: SUN_STANDARD

[Global flags]
     intx CICompilerCount                          = 4                                         {product} {ergonomic}
     uint ConcGCThreads                            = 2                                         {product} {ergonomic}
     uint G1ConcRefinementThreads                  = 8                                         {product} {ergonomic}
   size_t G1HeapRegionSize                         = 1048576                                   {product} {ergonomic}
    uintx GCDrainStackTargetSize                   = 64                                        {product} {ergonomic}
   size_t InitialHeapSize                          = 130023424                                 {product} {ergonomic}
   size_t MarkStackSize                            = 4194304                                   {product} {ergonomic}
   size_t MaxHeapSize                              = 2067791872                                {product} {ergonomic}
   size_t MaxNewSize                               = 1240465408                                {product} {ergonomic}
   size_t MinHeapDeltaBytes                        = 1048576                                   {product} {ergonomic}
   size_t MinHeapSize                              = 8388608                                   {product} {ergonomic}
    uintx NonNMethodCodeHeapSize                   = 5839372                                {pd product} {ergonomic}
    uintx NonProfiledCodeHeapSize                  = 122909434                              {pd product} {ergonomic}
    uintx ProfiledCodeHeapSize                     = 122909434                              {pd product} {ergonomic}
    uintx ReservedCodeCacheSize                    = 251658240                              {pd product} {ergonomic}
     bool SegmentedCodeCache                       = true                                      {product} {ergonomic}
   size_t SoftMaxHeapSize                          = 2067791872                             {manageable} {ergonomic}
     bool UseCompressedClassPointers               = true                           {product lp64_product} {ergonomic}
     bool UseCompressedOops                        = true                           {product lp64_product} {ergonomic}
     bool UseG1GC                                  = true                                      {product} {ergonomic}
     bool UseLargePagesIndividualAllocation        = false                                  {pd product} {ergonomic}

Logging:
Log output configuration:
 #0: stdout all=warning uptime,level,tags foldmultilines=false
 #1: stderr all=off uptime,level,tags foldmultilines=false

Environment Variables:
JAVA_HOME=C:\jdk-18.0.1.1
PATH=C:\Program Files (x86)\Common Files\Oracle\Java\javapath;C:\app\Desti\product\21c\dbhomeXE\bin;C:\WINDOWS\system32;C:\WINDOWS;C:\WINDOWS\System32\Wbem;C:\WINDOWS\System32\WindowsPowerShell\v1.0\;C:\WINDOWS\System32\OpenSSH\;C:\Program Files\Microsoft SQL Server\150\Tools\Binn\;C:\Program Files\Microsoft SQL Server\Client SDK\ODBC\170\Tools\Binn\;C:\Program Files\dotnet\;C:\Program Files\Git\cmd;C:\Program Files\Docker\Docker\resources\bin;C:\Program Files\nodejs\;C:\Program Files\MySQL\MySQL Shell 8.0\bin\;C:\Users\Desti\AppData\Local\Microsoft\WindowsApps;C:\Users\Desti\OneDrive\Bureau\php;C:\Users\Desti\AppData\Local\Programs\Microsoft VS Code\bin;C:\jdk-18.0.1.1\bin;C:\Users\Desti\.dotnet\tools;C:\Users\Desti\AppData\Roaming\npm;
USERNAME=Desti
OS=Windows_NT
PROCESSOR_IDENTIFIER=Intel64 Family 6 Model 140 Stepping 1, GenuineIntel



---------------  S Y S T E M  ---------------

OS:
 Windows 11 , 64 bit Build 26100 (10.0.26100.4484)
OS uptime: 1 days 17:18 hours
Hyper-V role detected

CPU: total 8 (initial active 8) (4 cores per cpu, 2 threads per core) family 6 model 140 stepping 1 microcode 0x86, cx8, cmov, fxsr, ht, mmx, 3dnowpref, sse, sse2, sse3, ssse3, sse4.1, sse4.2, popcnt, lzcnt, tsc, tscinvbit, avx, avx2, aes, erms, clmul, bmi1, bmi2, adx, avx512f, avx512dq, avx512cd, avx512bw, avx512vl, sha, fma, vzeroupper, avx512_vpopcntdq, avx512_vpclmulqdq, avx512_vaes, avx512_vnni, clflush, clflushopt, clwb, avx512_vbmi2, avx512_vbmi, hv

Memory: 4k page, system-wide physical 7883M (462M free)
TotalPageFile size 32459M (AvailPageFile size 0M)
current process WorkingSet (physical memory assigned to process): 77M, peak: 185M
current process commit charge ("private bytes"): 227M, peak: 267M

vm_info: OpenJDK 64-Bit Server VM (18.0.1.1+2-6) for windows-amd64 JRE (18.0.1.1+2-6), built on Apr 25 2022 21:50:56 by "mach5one" with MS VC++ 16.8 / 16.9 (VS2019)

END.
